0 info it worked if it ends with ok
1 verbose cli [ 'node', '/usr/local/bin/npm', 'update', '-g', 'ionic' ]
2 info using npm@1.3.21
3 info using node@v0.10.24
4 verbose url raw ionic/latest
5 verbose url resolving [ 'https://registry.npmjs.org/', './ionic/latest' ]
6 verbose url resolved https://registry.npmjs.org/ionic/latest
7 info trying registry request attempt 1 at 17:34:49
8 verbose etag "9BGESKLSBLHI6LIKGEELK5C5S"
9 http GET https://registry.npmjs.org/ionic/latest
10 http 200 https://registry.npmjs.org/ionic/latest
11 silly registry.get cb [ 200,
11 silly registry.get   { date: 'Mon, 08 Sep 2014 11:04:51 GMT',
11 silly registry.get     server: 'CouchDB/1.5.0 (Erlang OTP/R16B03)',
11 silly registry.get     etag: '"2MU5MKMEEYWJZ95PRLQGKI97D"',
11 silly registry.get     'content-type': 'application/json',
11 silly registry.get     'cache-control': 'max-age=60',
11 silly registry.get     'content-length': '1570',
11 silly registry.get     'accept-ranges': 'bytes',
11 silly registry.get     via: '1.1 varnish',
11 silly registry.get     age: '0',
11 silly registry.get     'x-served-by': 'cache-hk90-HKG',
11 silly registry.get     'x-cache': 'MISS',
11 silly registry.get     'x-cache-hits': '0',
11 silly registry.get     'x-timer': 'S1410174290.132791,VS0,VE969',
11 silly registry.get     vary: 'Accept',
11 silly registry.get     'keep-alive': 'timeout=10, max=50',
11 silly registry.get     connection: 'Keep-Alive' } ]
12 verbose cache add [ 'ionic', '*' ]
13 verbose cache add name="ionic" spec="*" args=["ionic","*"]
14 verbose parsed url { protocol: null,
14 verbose parsed url   slashes: null,
14 verbose parsed url   auth: null,
14 verbose parsed url   host: null,
14 verbose parsed url   port: null,
14 verbose parsed url   hostname: null,
14 verbose parsed url   hash: null,
14 verbose parsed url   search: null,
14 verbose parsed url   query: null,
14 verbose parsed url   pathname: '*',
14 verbose parsed url   path: '*',
14 verbose parsed url   href: '*' }
15 verbose addNamed [ 'ionic', '*' ]
16 verbose addNamed [ null, '*' ]
17 silly lockFile bf13f592-ionic ionic@*
18 verbose lock ionic@* /Users/gca/.npm/bf13f592-ionic.lock
19 silly addNameRange { name: 'ionic', range: '*', hasData: false }
20 verbose url raw ionic
21 verbose url resolving [ 'https://registry.npmjs.org/', './ionic' ]
22 verbose url resolved https://registry.npmjs.org/ionic
23 info trying registry request attempt 1 at 17:34:55
24 verbose etag "9BGESKLSBLHI6LIKGEELK5C5S"
25 http GET https://registry.npmjs.org/ionic
26 http 200 https://registry.npmjs.org/ionic
27 silly registry.get cb [ 200,
27 silly registry.get   { date: 'Mon, 08 Sep 2014 11:04:57 GMT',
27 silly registry.get     server: 'CouchDB/1.5.0 (Erlang OTP/R16B03)',
27 silly registry.get     etag: '"2MU5MKMEEYWJZ95PRLQGKI97D"',
27 silly registry.get     'content-type': 'application/json',
27 silly registry.get     'cache-control': 'max-age=60',
27 silly registry.get     'content-length': '120708',
27 silly registry.get     'accept-ranges': 'bytes',
27 silly registry.get     via: '1.1 varnish',
27 silly registry.get     age: '2009',
27 silly registry.get     'x-served-by': 'cache-hk91-HKG',
27 silly registry.get     'x-cache': 'MISS',
27 silly registry.get     'x-cache-hits': '0',
27 silly registry.get     'x-timer': 'S1410174296.437929,VS0,VE925',
27 silly registry.get     vary: 'Accept',
27 silly registry.get     'keep-alive': 'timeout=10, max=50',
27 silly registry.get     connection: 'Keep-Alive' } ]
28 silly addNameRange number 2 { name: 'ionic', range: '*', hasData: true }
29 silly addNameRange versions [ 'ionic',
29 silly addNameRange   [ '0.9.6',
29 silly addNameRange     '0.9.8',
29 silly addNameRange     '0.9.9',
29 silly addNameRange     '0.9.10',
29 silly addNameRange     '0.9.11',
29 silly addNameRange     '0.9.12',
29 silly addNameRange     '0.9.13',
29 silly addNameRange     '0.9.14',
29 silly addNameRange     '0.9.15',
29 silly addNameRange     '0.9.16',
29 silly addNameRange     '1.0.0-beta.1',
29 silly addNameRange     '1.0.0-beta',
29 silly addNameRange     '1.0.1-beta',
29 silly addNameRange     '1.0.3-beta',
29 silly addNameRange     '1.0.4',
29 silly addNameRange     '1.0.5',
29 silly addNameRange     '1.0.6',
29 silly addNameRange     '1.0.7',
29 silly addNameRange     '1.0.8',
29 silly addNameRange     '1.0.9',
29 silly addNameRange     '1.0.10',
29 silly addNameRange     '1.0.11',
29 silly addNameRange     '1.0.12',
29 silly addNameRange     '1.0.13',
29 silly addNameRange     '1.0.14',
29 silly addNameRange     '1.0.15',
29 silly addNameRange     '1.0.16',
29 silly addNameRange     '1.0.17',
29 silly addNameRange     '1.1.0-beta1',
29 silly addNameRange     '1.1.0-beta2',
29 silly addNameRange     '1.1.0-beta3',
29 silly addNameRange     '1.1.0-beta4',
29 silly addNameRange     '1.1.0-beta5',
29 silly addNameRange     '1.1.0-beta6',
29 silly addNameRange     '1.1.0',
29 silly addNameRange     '1.1.1-beta1',
29 silly addNameRange     '1.1.1-beta2',
29 silly addNameRange     '1.1.1-beta3',
29 silly addNameRange     '1.1.1',
29 silly addNameRange     '1.1.3',
29 silly addNameRange     '1.1.4',
29 silly addNameRange     '1.1.5-beta1',
29 silly addNameRange     '1.1.5-beta2',
29 silly addNameRange     '1.1.5-beta3',
29 silly addNameRange     '1.1.5-beta4',
29 silly addNameRange     '1.1.5-beta5',
29 silly addNameRange     '1.1.5',
29 silly addNameRange     '1.1.6',
29 silly addNameRange     '1.1.7-beta1',
29 silly addNameRange     '1.1.7',
29 silly addNameRange     '1.1.8-beta1',
29 silly addNameRange     '1.1.8-beta2',
29 silly addNameRange     '1.1.8-beta3',
29 silly addNameRange     '1.1.8-beta4',
29 silly addNameRange     '1.1.8-beta5',
29 silly addNameRange     '1.1.8',
29 silly addNameRange     '1.1.9-beta1',
29 silly addNameRange     '1.1.9',
29 silly addNameRange     '1.1.10',
29 silly addNameRange     '1.1.11-beta1',
29 silly addNameRange     '1.1.11-beta2',
29 silly addNameRange     '1.1.11',
29 silly addNameRange     '1.1.12-beta1',
29 silly addNameRange     '1.1.12-beta2',
29 silly addNameRange     '1.1.12-beta3',
29 silly addNameRange     '1.1.12',
29 silly addNameRange     '1.1.13',
29 silly addNameRange     '1.1.14-beta1',
29 silly addNameRange     '1.1.14-beta2',
29 silly addNameRange     '1.1.14-beta3',
29 silly addNameRange     '1.2.0-beta1',
29 silly addNameRange     '1.2.0',
29 silly addNameRange     '1.2.1-beta1',
29 silly addNameRange     '1.2.1-beta2',
29 silly addNameRange     '1.2.1-beta3',
29 silly addNameRange     '1.2.1-beta4',
29 silly addNameRange     '1.2.1',
29 silly addNameRange     '1.2.2',
29 silly addNameRange     '1.2.3-beta1',
29 silly addNameRange     '1.2.3-beta2',
29 silly addNameRange     '1.2.3-beta3' ] ]
30 verbose addNamed [ 'ionic', '1.2.2' ]
31 verbose addNamed [ '1.2.2', '1.2.2' ]
32 silly lockFile 41e8f375-ionic-1-2-2 ionic@1.2.2
33 verbose lock ionic@1.2.2 /Users/gca/.npm/41e8f375-ionic-1-2-2.lock
34 silly lockFile eafc8072--npmjs-org-ionic-ionic-1-2-2-tgz https://registry.npmjs.org/ionic/-/ionic-1.2.2.tgz
35 verbose lock https://registry.npmjs.org/ionic/-/ionic-1.2.2.tgz /Users/gca/.npm/eafc8072--npmjs-org-ionic-ionic-1-2-2-tgz.lock
36 verbose addRemoteTarball [ 'https://registry.npmjs.org/ionic/-/ionic-1.2.2.tgz',
36 verbose addRemoteTarball   '2bc8370207cfb30449b21161e3b90568c6462515' ]
37 info retry fetch attempt 1 at 17:34:57
38 verbose fetch to= /var/folders/h_/n3jf4kjn3l1c__433p4p0m9m0000gn/T/npm-19406-GQlE-yIG/1410174297755-0.0631380241829902/tmp.tgz
39 http GET https://registry.npmjs.org/ionic/-/ionic-1.2.2.tgz
40 http 200 https://registry.npmjs.org/ionic/-/ionic-1.2.2.tgz
41 verbose tar unpack /var/folders/h_/n3jf4kjn3l1c__433p4p0m9m0000gn/T/npm-19406-GQlE-yIG/1410174297755-0.0631380241829902/tmp.tgz
42 silly lockFile 7ce088e1-97755-0-0631380241829902-package tar:///var/folders/h_/n3jf4kjn3l1c__433p4p0m9m0000gn/T/npm-19406-GQlE-yIG/1410174297755-0.0631380241829902/package
43 verbose lock tar:///var/folders/h_/n3jf4kjn3l1c__433p4p0m9m0000gn/T/npm-19406-GQlE-yIG/1410174297755-0.0631380241829902/package /Users/gca/.npm/7ce088e1-97755-0-0631380241829902-package.lock
44 silly lockFile d828d6d1-97755-0-0631380241829902-tmp-tgz tar:///var/folders/h_/n3jf4kjn3l1c__433p4p0m9m0000gn/T/npm-19406-GQlE-yIG/1410174297755-0.0631380241829902/tmp.tgz
45 verbose lock tar:///var/folders/h_/n3jf4kjn3l1c__433p4p0m9m0000gn/T/npm-19406-GQlE-yIG/1410174297755-0.0631380241829902/tmp.tgz /Users/gca/.npm/d828d6d1-97755-0-0631380241829902-tmp-tgz.lock
46 silly gunzTarPerm modes [ '755', '644' ]
47 silly gunzTarPerm extractEntry package.json
48 silly gunzTarPerm modified mode [ 'package.json', 436, 420 ]
49 silly gunzTarPerm extractEntry .npmignore
50 silly gunzTarPerm modified mode [ '.npmignore', 436, 420 ]
51 silly gunzTarPerm extractEntry README.md
52 silly gunzTarPerm modified mode [ 'README.md', 436, 420 ]
53 silly gunzTarPerm extractEntry LICENSE
54 silly gunzTarPerm extractEntry .gitattributes
55 silly gunzTarPerm extractEntry bin/ionic
56 silly gunzTarPerm extractEntry bin/testApp/package.json
57 silly gunzTarPerm modified mode [ 'bin/testApp/package.json', 436, 420 ]
58 silly gunzTarPerm extractEntry bin/testApp/.npmignore
59 silly gunzTarPerm modified mode [ 'bin/testApp/.npmignore', 436, 420 ]
60 silly gunzTarPerm extractEntry bin/testApp/gulpfile.js
61 silly gunzTarPerm modified mode [ 'bin/testApp/gulpfile.js', 436, 420 ]
62 silly gunzTarPerm extractEntry bin/testApp/ionic.project
63 silly gunzTarPerm modified mode [ 'bin/testApp/ionic.project', 436, 420 ]
64 silly gunzTarPerm extractEntry bin/testApp/.bowerrc
65 silly gunzTarPerm modified mode [ 'bin/testApp/.bowerrc', 436, 420 ]
66 silly gunzTarPerm extractEntry bin/testApp/hooks/README.md
67 silly gunzTarPerm modified mode [ 'bin/testApp/hooks/README.md', 436, 420 ]
68 silly gunzTarPerm extractEntry bin/testApp/hooks/after_prepare/010_add_platform_class.js
69 silly gunzTarPerm extractEntry bin/testApp/bower.json
70 silly gunzTarPerm modified mode [ 'bin/testApp/bower.json', 436, 420 ]
71 silly gunzTarPerm extractEntry bin/testApp/config.xml
72 silly gunzTarPerm modified mode [ 'bin/testApp/config.xml', 436, 420 ]
73 silly gunzTarPerm extractEntry bin/testApp/scss/ionic.app.scss
74 silly gunzTarPerm modified mode [ 'bin/testApp/scss/ionic.app.scss', 436, 420 ]
75 silly gunzTarPerm extractEntry bin/testApp/www/css/style.css
76 silly gunzTarPerm modified mode [ 'bin/testApp/www/css/style.css', 436, 420 ]
77 silly gunzTarPerm extractEntry bin/testApp/www/img/ionic.png
78 silly gunzTarPerm modified mode [ 'bin/testApp/www/img/ionic.png', 436, 420 ]
79 silly gunzTarPerm extractEntry bin/testApp/www/index.html
80 silly gunzTarPerm modified mode [ 'bin/testApp/www/index.html', 436, 420 ]
81 silly gunzTarPerm extractEntry bin/testApp/www/js/app.js
82 silly gunzTarPerm modified mode [ 'bin/testApp/www/js/app.js', 436, 420 ]
83 silly gunzTarPerm extractEntry bin/testApp/www/js/controllers.js
84 silly gunzTarPerm modified mode [ 'bin/testApp/www/js/controllers.js', 436, 420 ]
85 silly gunzTarPerm extractEntry bin/testApp/www/js/services.js
86 silly gunzTarPerm modified mode [ 'bin/testApp/www/js/services.js', 436, 420 ]
87 silly gunzTarPerm extractEntry bin/testApp/www/lib/ionic/css/ionic.css
88 silly gunzTarPerm modified mode [ 'bin/testApp/www/lib/ionic/css/ionic.css', 436, 420 ]
89 silly gunzTarPerm extractEntry bin/testApp/www/lib/ionic/css/ionic.min.css
90 silly gunzTarPerm modified mode [ 'bin/testApp/www/lib/ionic/css/ionic.min.css', 436, 420 ]
91 silly gunzTarPerm extractEntry bin/testApp/www/lib/ionic/fonts/ionicons.eot
92 silly gunzTarPerm modified mode [ 'bin/testApp/www/lib/ionic/fonts/ionicons.eot', 436, 420 ]
93 silly gunzTarPerm extractEntry bin/testApp/www/lib/ionic/fonts/ionicons.svg
94 silly gunzTarPerm modified mode [ 'bin/testApp/www/lib/ionic/fonts/ionicons.svg', 436, 420 ]
95 silly gunzTarPerm extractEntry bin/testApp/www/lib/ionic/fonts/ionicons.ttf
96 silly gunzTarPerm modified mode [ 'bin/testApp/www/lib/ionic/fonts/ionicons.ttf', 436, 420 ]
97 silly gunzTarPerm extractEntry bin/testApp/www/lib/ionic/fonts/ionicons.woff
98 silly gunzTarPerm modified mode [ 'bin/testApp/www/lib/ionic/fonts/ionicons.woff', 436, 420 ]
99 silly gunzTarPerm extractEntry bin/testApp/www/lib/ionic/js/ionic-angular.js
100 silly gunzTarPerm modified mode [ 'bin/testApp/www/lib/ionic/js/ionic-angular.js', 436, 420 ]
101 silly gunzTarPerm extractEntry bin/testApp/www/lib/ionic/js/ionic-angular.min.js
102 silly gunzTarPerm modified mode [ 'bin/testApp/www/lib/ionic/js/ionic-angular.min.js', 436, 420 ]
103 silly gunzTarPerm extractEntry bin/testApp/www/lib/ionic/js/ionic.bundle.js
104 silly gunzTarPerm modified mode [ 'bin/testApp/www/lib/ionic/js/ionic.bundle.js', 436, 420 ]
105 silly gunzTarPerm extractEntry bin/testApp/www/lib/ionic/js/ionic.bundle.min.js
106 silly gunzTarPerm modified mode [ 'bin/testApp/www/lib/ionic/js/ionic.bundle.min.js', 436, 420 ]
107 silly gunzTarPerm extractEntry bin/testApp/www/lib/ionic/js/ionic.js
108 silly gunzTarPerm modified mode [ 'bin/testApp/www/lib/ionic/js/ionic.js', 436, 420 ]
109 silly gunzTarPerm extractEntry bin/testApp/www/lib/ionic/js/ionic.min.js
110 silly gunzTarPerm modified mode [ 'bin/testApp/www/lib/ionic/js/ionic.min.js', 436, 420 ]
111 silly gunzTarPerm extractEntry bin/testApp/www/lib/ionic/js/angular/angular-animate.js
112 silly gunzTarPerm modified mode [ 'bin/testApp/www/lib/ionic/js/angular/angular-animate.js',
112 silly gunzTarPerm   436,
112 silly gunzTarPerm   420 ]
113 silly gunzTarPerm extractEntry bin/testApp/www/lib/ionic/js/angular/angular-animate.min.js
114 silly gunzTarPerm modified mode [ 'bin/testApp/www/lib/ionic/js/angular/angular-animate.min.js',
114 silly gunzTarPerm   436,
114 silly gunzTarPerm   420 ]
115 silly gunzTarPerm extractEntry bin/testApp/www/lib/ionic/js/angular/angular-resource.js
116 silly gunzTarPerm modified mode [ 'bin/testApp/www/lib/ionic/js/angular/angular-resource.js',
116 silly gunzTarPerm   436,
116 silly gunzTarPerm   420 ]
117 silly gunzTarPerm extractEntry bin/testApp/www/lib/ionic/js/angular/angular-resource.min.js
118 silly gunzTarPerm modified mode [ 'bin/testApp/www/lib/ionic/js/angular/angular-resource.min.js',
118 silly gunzTarPerm   436,
118 silly gunzTarPerm   420 ]
119 silly gunzTarPerm extractEntry bin/testApp/www/lib/ionic/js/angular/angular-sanitize.js
120 silly gunzTarPerm modified mode [ 'bin/testApp/www/lib/ionic/js/angular/angular-sanitize.js',
120 silly gunzTarPerm   436,
120 silly gunzTarPerm   420 ]
121 silly gunzTarPerm extractEntry bin/testApp/www/lib/ionic/js/angular/angular-sanitize.min.js
122 silly gunzTarPerm modified mode [ 'bin/testApp/www/lib/ionic/js/angular/angular-sanitize.min.js',
122 silly gunzTarPerm   436,
122 silly gunzTarPerm   420 ]
123 silly gunzTarPerm extractEntry bin/testApp/www/lib/ionic/js/angular/angular.js
124 silly gunzTarPerm modified mode [ 'bin/testApp/www/lib/ionic/js/angular/angular.js', 436, 420 ]
125 silly gunzTarPerm extractEntry bin/testApp/www/lib/ionic/js/angular/angular.min.js
126 silly gunzTarPerm modified mode [ 'bin/testApp/www/lib/ionic/js/angular/angular.min.js',
126 silly gunzTarPerm   436,
126 silly gunzTarPerm   420 ]
127 silly gunzTarPerm extractEntry bin/testApp/www/lib/ionic/js/angular-ui/angular-ui-router.js
128 silly gunzTarPerm modified mode [ 'bin/testApp/www/lib/ionic/js/angular-ui/angular-ui-router.js',
128 silly gunzTarPerm   436,
128 silly gunzTarPerm   420 ]
129 silly gunzTarPerm extractEntry bin/testApp/www/lib/ionic/js/angular-ui/angular-ui-router.min.js
130 silly gunzTarPerm modified mode [ 'bin/testApp/www/lib/ionic/js/angular-ui/angular-ui-router.min.js',
130 silly gunzTarPerm   436,
130 silly gunzTarPerm   420 ]
131 silly gunzTarPerm extractEntry bin/testApp/www/lib/ionic/scss/_popover.scss
132 silly gunzTarPerm modified mode [ 'bin/testApp/www/lib/ionic/scss/_popover.scss', 436, 420 ]
133 silly gunzTarPerm extractEntry bin/testApp/www/lib/ionic/scss/_action-sheet.scss
134 silly gunzTarPerm modified mode [ 'bin/testApp/www/lib/ionic/scss/_action-sheet.scss', 436, 420 ]
135 silly gunzTarPerm extractEntry bin/testApp/www/lib/ionic/scss/_backdrop.scss
136 silly gunzTarPerm modified mode [ 'bin/testApp/www/lib/ionic/scss/_backdrop.scss', 436, 420 ]
137 silly gunzTarPerm extractEntry bin/testApp/www/lib/ionic/scss/_badge.scss
138 silly gunzTarPerm modified mode [ 'bin/testApp/www/lib/ionic/scss/_badge.scss', 436, 420 ]
139 silly gunzTarPerm extractEntry bin/testApp/www/lib/ionic/scss/_bar.scss
140 silly gunzTarPerm modified mode [ 'bin/testApp/www/lib/ionic/scss/_bar.scss', 436, 420 ]
141 silly gunzTarPerm extractEntry bin/testApp/www/lib/ionic/scss/_button-bar.scss
142 silly gunzTarPerm modified mode [ 'bin/testApp/www/lib/ionic/scss/_button-bar.scss', 436, 420 ]
143 silly gunzTarPerm extractEntry bin/testApp/www/lib/ionic/scss/_button.scss
144 silly gunzTarPerm modified mode [ 'bin/testApp/www/lib/ionic/scss/_button.scss', 436, 420 ]
145 silly gunzTarPerm extractEntry bin/testApp/www/lib/ionic/scss/_checkbox.scss
146 silly gunzTarPerm modified mode [ 'bin/testApp/www/lib/ionic/scss/_checkbox.scss', 436, 420 ]
147 silly gunzTarPerm extractEntry bin/testApp/www/lib/ionic/scss/_form.scss
148 silly gunzTarPerm modified mode [ 'bin/testApp/www/lib/ionic/scss/_form.scss', 436, 420 ]
149 silly gunzTarPerm extractEntry bin/testApp/www/lib/ionic/scss/_grid.scss
150 silly gunzTarPerm modified mode [ 'bin/testApp/www/lib/ionic/scss/_grid.scss', 436, 420 ]
151 silly gunzTarPerm extractEntry bin/testApp/www/lib/ionic/scss/_items.scss
152 silly gunzTarPerm modified mode [ 'bin/testApp/www/lib/ionic/scss/_items.scss', 436, 420 ]
153 silly gunzTarPerm extractEntry bin/testApp/www/lib/ionic/scss/_list.scss
154 silly gunzTarPerm modified mode [ 'bin/testApp/www/lib/ionic/scss/_list.scss', 436, 420 ]
155 silly gunzTarPerm extractEntry bin/testApp/www/lib/ionic/scss/_loading.scss
156 silly gunzTarPerm modified mode [ 'bin/testApp/www/lib/ionic/scss/_loading.scss', 436, 420 ]
157 silly gunzTarPerm extractEntry bin/testApp/www/lib/ionic/scss/_menu.scss
158 silly gunzTarPerm modified mode [ 'bin/testApp/www/lib/ionic/scss/_menu.scss', 436, 420 ]
159 silly gunzTarPerm extractEntry bin/testApp/www/lib/ionic/scss/_mixins.scss
160 silly gunzTarPerm modified mode [ 'bin/testApp/www/lib/ionic/scss/_mixins.scss', 436, 420 ]
161 silly gunzTarPerm extractEntry bin/testApp/www/lib/ionic/scss/_modal.scss
162 silly gunzTarPerm modified mode [ 'bin/testApp/www/lib/ionic/scss/_modal.scss', 436, 420 ]
163 silly gunzTarPerm extractEntry bin/testApp/www/lib/ionic/scss/_platform.scss
164 silly gunzTarPerm modified mode [ 'bin/testApp/www/lib/ionic/scss/_platform.scss', 436, 420 ]
165 silly gunzTarPerm extractEntry bin/testApp/www/lib/ionic/scss/_animations.scss
166 silly gunzTarPerm modified mode [ 'bin/testApp/www/lib/ionic/scss/_animations.scss', 436, 420 ]
167 silly gunzTarPerm extractEntry bin/testApp/www/lib/ionic/scss/_popup.scss
168 silly gunzTarPerm modified mode [ 'bin/testApp/www/lib/ionic/scss/_popup.scss', 436, 420 ]
169 silly gunzTarPerm extractEntry bin/testApp/www/lib/ionic/scss/_progress.scss
170 silly gunzTarPerm modified mode [ 'bin/testApp/www/lib/ionic/scss/_progress.scss', 436, 420 ]
171 silly gunzTarPerm extractEntry bin/testApp/www/lib/ionic/scss/_radio.scss
172 silly gunzTarPerm modified mode [ 'bin/testApp/www/lib/ionic/scss/_radio.scss', 436, 420 ]
173 silly gunzTarPerm extractEntry bin/testApp/www/lib/ionic/scss/_range.scss
174 silly gunzTarPerm modified mode [ 'bin/testApp/www/lib/ionic/scss/_range.scss', 436, 420 ]
175 silly gunzTarPerm extractEntry bin/testApp/www/lib/ionic/scss/_reset.scss
176 silly gunzTarPerm modified mode [ 'bin/testApp/www/lib/ionic/scss/_reset.scss', 436, 420 ]
177 silly gunzTarPerm extractEntry bin/testApp/www/lib/ionic/scss/_scaffolding.scss
178 silly gunzTarPerm modified mode [ 'bin/testApp/www/lib/ionic/scss/_scaffolding.scss', 436, 420 ]
179 silly gunzTarPerm extractEntry bin/testApp/www/lib/ionic/scss/_select.scss
180 silly gunzTarPerm modified mode [ 'bin/testApp/www/lib/ionic/scss/_select.scss', 436, 420 ]
181 silly gunzTarPerm extractEntry bin/testApp/www/lib/ionic/scss/_slide-box.scss
182 silly gunzTarPerm modified mode [ 'bin/testApp/www/lib/ionic/scss/_slide-box.scss', 436, 420 ]
183 silly gunzTarPerm extractEntry bin/testApp/www/lib/ionic/scss/_split-pane.scss
184 silly gunzTarPerm modified mode [ 'bin/testApp/www/lib/ionic/scss/_split-pane.scss', 436, 420 ]
185 silly gunzTarPerm extractEntry bin/testApp/www/lib/ionic/scss/_tabs.scss
186 silly gunzTarPerm modified mode [ 'bin/testApp/www/lib/ionic/scss/_tabs.scss', 436, 420 ]
187 silly gunzTarPerm extractEntry bin/testApp/www/lib/ionic/scss/_toggle.scss
188 silly gunzTarPerm modified mode [ 'bin/testApp/www/lib/ionic/scss/_toggle.scss', 436, 420 ]
189 silly gunzTarPerm extractEntry bin/testApp/www/lib/ionic/scss/_type.scss
190 silly gunzTarPerm modified mode [ 'bin/testApp/www/lib/ionic/scss/_type.scss', 436, 420 ]
191 silly gunzTarPerm extractEntry bin/testApp/www/lib/ionic/scss/_util.scss
192 silly gunzTarPerm modified mode [ 'bin/testApp/www/lib/ionic/scss/_util.scss', 436, 420 ]
193 silly gunzTarPerm extractEntry bin/testApp/www/lib/ionic/scss/_variables.scss
194 silly gunzTarPerm modified mode [ 'bin/testApp/www/lib/ionic/scss/_variables.scss', 436, 420 ]
195 silly gunzTarPerm extractEntry bin/testApp/www/lib/ionic/scss/ionic.scss
196 silly gunzTarPerm modified mode [ 'bin/testApp/www/lib/ionic/scss/ionic.scss', 436, 420 ]
197 silly gunzTarPerm extractEntry bin/testApp/www/lib/ionic/scss/ionicons/_ionicons-animation.scss
198 silly gunzTarPerm modified mode [ 'bin/testApp/www/lib/ionic/scss/ionicons/_ionicons-animation.scss',
198 silly gunzTarPerm   436,
198 silly gunzTarPerm   420 ]
199 silly gunzTarPerm extractEntry bin/testApp/www/lib/ionic/scss/ionicons/_ionicons-font.scss
200 silly gunzTarPerm modified mode [ 'bin/testApp/www/lib/ionic/scss/ionicons/_ionicons-font.scss',
200 silly gunzTarPerm   436,
200 silly gunzTarPerm   420 ]
201 silly gunzTarPerm extractEntry bin/testApp/www/lib/ionic/scss/ionicons/_ionicons-icons.scss
202 silly gunzTarPerm modified mode [ 'bin/testApp/www/lib/ionic/scss/ionicons/_ionicons-icons.scss',
202 silly gunzTarPerm   436,
202 silly gunzTarPerm   420 ]
203 silly gunzTarPerm extractEntry bin/testApp/www/lib/ionic/scss/ionicons/_ionicons-variables.scss
204 silly gunzTarPerm modified mode [ 'bin/testApp/www/lib/ionic/scss/ionicons/_ionicons-variables.scss',
204 silly gunzTarPerm   436,
204 silly gunzTarPerm   420 ]
205 silly gunzTarPerm extractEntry bin/testApp/www/lib/ionic/scss/ionicons/ionicons.scss
206 silly gunzTarPerm modified mode [ 'bin/testApp/www/lib/ionic/scss/ionicons/ionicons.scss',
206 silly gunzTarPerm   436,
206 silly gunzTarPerm   420 ]
207 silly gunzTarPerm extractEntry bin/testApp/www/lib/ionic/version.json
208 silly gunzTarPerm modified mode [ 'bin/testApp/www/lib/ionic/version.json', 436, 420 ]
209 silly gunzTarPerm extractEntry bin/testApp/www/templates/friend-detail.html
210 silly gunzTarPerm modified mode [ 'bin/testApp/www/templates/friend-detail.html', 436, 420 ]
211 silly gunzTarPerm extractEntry bin/testApp/www/templates/tab-account.html
212 silly gunzTarPerm modified mode [ 'bin/testApp/www/templates/tab-account.html', 436, 420 ]
213 silly gunzTarPerm extractEntry bin/testApp/www/templates/tab-dash.html
214 silly gunzTarPerm modified mode [ 'bin/testApp/www/templates/tab-dash.html', 436, 420 ]
215 silly gunzTarPerm extractEntry bin/testApp/www/templates/tab-friends.html
216 silly gunzTarPerm modified mode [ 'bin/testApp/www/templates/tab-friends.html', 436, 420 ]
217 silly gunzTarPerm extractEntry bin/testApp/www/templates/tabs.html
218 silly gunzTarPerm modified mode [ 'bin/testApp/www/templates/tabs.html', 436, 420 ]
219 silly gunzTarPerm extractEntry lib/ionic.js
220 silly gunzTarPerm modified mode [ 'lib/ionic.js', 436, 420 ]
221 silly gunzTarPerm extractEntry lib/hooks/after_prepare/010_add_platform_class.js
222 silly gunzTarPerm modified mode [ 'lib/hooks/after_prepare/010_add_platform_class.js', 509, 493 ]
223 silly gunzTarPerm extractEntry lib/ionic/bower.js
224 silly gunzTarPerm modified mode [ 'lib/ionic/bower.js', 436, 420 ]
225 silly gunzTarPerm extractEntry lib/ionic/lib.js
226 silly gunzTarPerm modified mode [ 'lib/ionic/lib.js', 436, 420 ]
227 silly gunzTarPerm extractEntry lib/ionic/login.js
228 silly gunzTarPerm modified mode [ 'lib/ionic/login.js', 436, 420 ]
229 silly gunzTarPerm extractEntry lib/ionic/package.js
230 silly gunzTarPerm modified mode [ 'lib/ionic/package.js', 436, 420 ]
231 silly gunzTarPerm extractEntry lib/ionic/project.js
232 silly gunzTarPerm modified mode [ 'lib/ionic/project.js', 436, 420 ]
233 silly gunzTarPerm extractEntry lib/ionic/cordova.js
234 silly gunzTarPerm modified mode [ 'lib/ionic/cordova.js', 436, 420 ]
235 silly gunzTarPerm extractEntry lib/ionic/setup.js
236 silly gunzTarPerm modified mode [ 'lib/ionic/setup.js', 436, 420 ]
237 silly gunzTarPerm extractEntry lib/ionic/start.js
238 silly gunzTarPerm modified mode [ 'lib/ionic/start.js', 436, 420 ]
239 silly gunzTarPerm extractEntry lib/ionic/stats.js
240 silly gunzTarPerm modified mode [ 'lib/ionic/stats.js', 436, 420 ]
241 silly gunzTarPerm extractEntry lib/ionic/store.js
242 silly gunzTarPerm modified mode [ 'lib/ionic/store.js', 436, 420 ]
243 silly gunzTarPerm extractEntry lib/ionic/task.js
244 silly gunzTarPerm modified mode [ 'lib/ionic/task.js', 436, 420 ]
245 silly gunzTarPerm extractEntry lib/ionic/config.js
246 silly gunzTarPerm modified mode [ 'lib/ionic/config.js', 436, 420 ]
247 silly gunzTarPerm extractEntry lib/ionic/upload.js
248 silly gunzTarPerm modified mode [ 'lib/ionic/upload.js', 436, 420 ]
249 silly gunzTarPerm extractEntry lib/ionic/serve.js
250 silly gunzTarPerm modified mode [ 'lib/ionic/serve.js', 436, 420 ]
251 silly lockFile 7ce088e1-97755-0-0631380241829902-package tar:///var/folders/h_/n3jf4kjn3l1c__433p4p0m9m0000gn/T/npm-19406-GQlE-yIG/1410174297755-0.0631380241829902/package
252 silly lockFile 7ce088e1-97755-0-0631380241829902-package tar:///var/folders/h_/n3jf4kjn3l1c__433p4p0m9m0000gn/T/npm-19406-GQlE-yIG/1410174297755-0.0631380241829902/package
253 silly lockFile d828d6d1-97755-0-0631380241829902-tmp-tgz tar:///var/folders/h_/n3jf4kjn3l1c__433p4p0m9m0000gn/T/npm-19406-GQlE-yIG/1410174297755-0.0631380241829902/tmp.tgz
254 silly lockFile d828d6d1-97755-0-0631380241829902-tmp-tgz tar:///var/folders/h_/n3jf4kjn3l1c__433p4p0m9m0000gn/T/npm-19406-GQlE-yIG/1410174297755-0.0631380241829902/tmp.tgz
255 verbose tar pack [ '/Users/gca/.npm/ionic/1.2.2/package.tgz',
255 verbose tar pack   '/var/folders/h_/n3jf4kjn3l1c__433p4p0m9m0000gn/T/npm-19406-GQlE-yIG/1410174297755-0.0631380241829902/package' ]
256 verbose tarball /Users/gca/.npm/ionic/1.2.2/package.tgz
257 verbose folder /var/folders/h_/n3jf4kjn3l1c__433p4p0m9m0000gn/T/npm-19406-GQlE-yIG/1410174297755-0.0631380241829902/package
258 silly lockFile 7ce088e1-97755-0-0631380241829902-package tar:///var/folders/h_/n3jf4kjn3l1c__433p4p0m9m0000gn/T/npm-19406-GQlE-yIG/1410174297755-0.0631380241829902/package
259 verbose lock tar:///var/folders/h_/n3jf4kjn3l1c__433p4p0m9m0000gn/T/npm-19406-GQlE-yIG/1410174297755-0.0631380241829902/package /Users/gca/.npm/7ce088e1-97755-0-0631380241829902-package.lock
260 silly lockFile ffbafc3b--gca-npm-ionic-1-2-2-package-tgz tar:///Users/gca/.npm/ionic/1.2.2/package.tgz
261 verbose lock tar:///Users/gca/.npm/ionic/1.2.2/package.tgz /Users/gca/.npm/ffbafc3b--gca-npm-ionic-1-2-2-package-tgz.lock
262 silly lockFile 7ce088e1-97755-0-0631380241829902-package tar:///var/folders/h_/n3jf4kjn3l1c__433p4p0m9m0000gn/T/npm-19406-GQlE-yIG/1410174297755-0.0631380241829902/package
263 silly lockFile 7ce088e1-97755-0-0631380241829902-package tar:///var/folders/h_/n3jf4kjn3l1c__433p4p0m9m0000gn/T/npm-19406-GQlE-yIG/1410174297755-0.0631380241829902/package
264 silly lockFile ffbafc3b--gca-npm-ionic-1-2-2-package-tgz tar:///Users/gca/.npm/ionic/1.2.2/package.tgz
265 silly lockFile ffbafc3b--gca-npm-ionic-1-2-2-package-tgz tar:///Users/gca/.npm/ionic/1.2.2/package.tgz
266 silly lockFile 0a5ccab8-sers-gca-npm-ionic-1-2-2-package /Users/gca/.npm/ionic/1.2.2/package
267 verbose lock /Users/gca/.npm/ionic/1.2.2/package /Users/gca/.npm/0a5ccab8-sers-gca-npm-ionic-1-2-2-package.lock
268 silly lockFile 0a5ccab8-sers-gca-npm-ionic-1-2-2-package /Users/gca/.npm/ionic/1.2.2/package
269 silly lockFile 0a5ccab8-sers-gca-npm-ionic-1-2-2-package /Users/gca/.npm/ionic/1.2.2/package
270 verbose tar unpack /Users/gca/.npm/ionic/1.2.2/package.tgz
271 silly lockFile eed7159d-sers-gca-npm-ionic-1-2-2-package tar:///Users/gca/.npm/ionic/1.2.2/package
272 verbose lock tar:///Users/gca/.npm/ionic/1.2.2/package /Users/gca/.npm/eed7159d-sers-gca-npm-ionic-1-2-2-package.lock
273 silly lockFile ffbafc3b--gca-npm-ionic-1-2-2-package-tgz tar:///Users/gca/.npm/ionic/1.2.2/package.tgz
274 verbose lock tar:///Users/gca/.npm/ionic/1.2.2/package.tgz /Users/gca/.npm/ffbafc3b--gca-npm-ionic-1-2-2-package-tgz.lock
275 silly gunzTarPerm modes [ '755', '644' ]
276 silly gunzTarPerm extractEntry package.json
277 silly gunzTarPerm extractEntry .npmignore
278 silly gunzTarPerm extractEntry README.md
279 silly gunzTarPerm extractEntry LICENSE
280 silly gunzTarPerm extractEntry .gitattributes
281 silly gunzTarPerm extractEntry bin/ionic
282 silly gunzTarPerm extractEntry bin/testApp/package.json
283 silly gunzTarPerm extractEntry bin/testApp/.npmignore
284 silly gunzTarPerm extractEntry bin/testApp/gulpfile.js
285 silly gunzTarPerm extractEntry bin/testApp/.bowerrc
286 silly gunzTarPerm extractEntry bin/testApp/bower.json
287 silly gunzTarPerm extractEntry bin/testApp/config.xml
288 silly gunzTarPerm extractEntry bin/testApp/hooks/README.md
289 silly gunzTarPerm extractEntry bin/testApp/hooks/after_prepare/010_add_platform_class.js
290 silly gunzTarPerm extractEntry bin/testApp/ionic.project
291 silly gunzTarPerm extractEntry bin/testApp/scss/ionic.app.scss
292 silly gunzTarPerm extractEntry bin/testApp/www/css/style.css
293 silly gunzTarPerm extractEntry bin/testApp/www/img/ionic.png
294 silly gunzTarPerm extractEntry bin/testApp/www/index.html
295 silly gunzTarPerm extractEntry bin/testApp/www/js/app.js
296 silly gunzTarPerm extractEntry bin/testApp/www/js/controllers.js
297 silly gunzTarPerm extractEntry bin/testApp/www/js/services.js
298 silly gunzTarPerm extractEntry bin/testApp/www/lib/ionic/css/ionic.css
299 silly gunzTarPerm extractEntry bin/testApp/www/lib/ionic/css/ionic.min.css
300 silly gunzTarPerm extractEntry bin/testApp/www/lib/ionic/fonts/ionicons.eot
301 silly gunzTarPerm extractEntry bin/testApp/www/lib/ionic/fonts/ionicons.svg
302 silly gunzTarPerm extractEntry bin/testApp/www/lib/ionic/fonts/ionicons.ttf
303 silly gunzTarPerm extractEntry bin/testApp/www/lib/ionic/fonts/ionicons.woff
304 silly gunzTarPerm extractEntry bin/testApp/www/lib/ionic/js/ionic-angular.js
305 silly gunzTarPerm extractEntry bin/testApp/www/lib/ionic/js/ionic-angular.min.js
306 silly gunzTarPerm extractEntry bin/testApp/www/lib/ionic/js/ionic.bundle.js
307 silly gunzTarPerm extractEntry bin/testApp/www/lib/ionic/js/ionic.bundle.min.js
308 silly gunzTarPerm extractEntry bin/testApp/www/lib/ionic/js/ionic.js
309 silly gunzTarPerm extractEntry bin/testApp/www/lib/ionic/js/ionic.min.js
310 silly gunzTarPerm extractEntry bin/testApp/www/lib/ionic/js/angular/angular-animate.js
311 silly gunzTarPerm extractEntry bin/testApp/www/lib/ionic/js/angular/angular-animate.min.js
312 silly gunzTarPerm extractEntry bin/testApp/www/lib/ionic/js/angular/angular-resource.js
313 silly gunzTarPerm extractEntry bin/testApp/www/lib/ionic/js/angular/angular-resource.min.js
314 silly gunzTarPerm extractEntry bin/testApp/www/lib/ionic/js/angular/angular-sanitize.js
315 silly gunzTarPerm extractEntry bin/testApp/www/lib/ionic/js/angular/angular-sanitize.min.js
316 silly gunzTarPerm extractEntry bin/testApp/www/lib/ionic/js/angular/angular.js
317 silly gunzTarPerm extractEntry bin/testApp/www/lib/ionic/js/angular/angular.min.js
318 silly gunzTarPerm extractEntry bin/testApp/www/lib/ionic/js/angular-ui/angular-ui-router.js
319 silly gunzTarPerm extractEntry bin/testApp/www/lib/ionic/js/angular-ui/angular-ui-router.min.js
320 silly gunzTarPerm extractEntry bin/testApp/www/lib/ionic/scss/_popover.scss
321 silly gunzTarPerm extractEntry bin/testApp/www/lib/ionic/scss/_action-sheet.scss
322 silly gunzTarPerm extractEntry bin/testApp/www/lib/ionic/scss/_backdrop.scss
323 silly gunzTarPerm extractEntry bin/testApp/www/lib/ionic/scss/_badge.scss
324 silly gunzTarPerm extractEntry bin/testApp/www/lib/ionic/scss/_bar.scss
325 silly gunzTarPerm extractEntry bin/testApp/www/lib/ionic/scss/_button-bar.scss
326 silly gunzTarPerm extractEntry bin/testApp/www/lib/ionic/scss/_button.scss
327 silly gunzTarPerm extractEntry bin/testApp/www/lib/ionic/scss/_checkbox.scss
328 silly gunzTarPerm extractEntry bin/testApp/www/lib/ionic/scss/_form.scss
329 silly gunzTarPerm extractEntry bin/testApp/www/lib/ionic/scss/_grid.scss
330 silly gunzTarPerm extractEntry bin/testApp/www/lib/ionic/scss/_items.scss
331 silly gunzTarPerm extractEntry bin/testApp/www/lib/ionic/scss/_list.scss
332 silly gunzTarPerm extractEntry bin/testApp/www/lib/ionic/scss/_loading.scss
333 silly gunzTarPerm extractEntry bin/testApp/www/lib/ionic/scss/_menu.scss
334 silly gunzTarPerm extractEntry bin/testApp/www/lib/ionic/scss/_mixins.scss
335 silly gunzTarPerm extractEntry bin/testApp/www/lib/ionic/scss/_modal.scss
336 silly gunzTarPerm extractEntry bin/testApp/www/lib/ionic/scss/_platform.scss
337 silly gunzTarPerm extractEntry bin/testApp/www/lib/ionic/scss/_animations.scss
338 silly gunzTarPerm extractEntry bin/testApp/www/lib/ionic/scss/_popup.scss
339 silly gunzTarPerm extractEntry bin/testApp/www/lib/ionic/scss/_progress.scss
340 silly gunzTarPerm extractEntry bin/testApp/www/lib/ionic/scss/_radio.scss
341 silly gunzTarPerm extractEntry bin/testApp/www/lib/ionic/scss/_range.scss
342 silly gunzTarPerm extractEntry bin/testApp/www/lib/ionic/scss/_reset.scss
343 silly gunzTarPerm extractEntry bin/testApp/www/lib/ionic/scss/_scaffolding.scss
344 silly gunzTarPerm extractEntry bin/testApp/www/lib/ionic/scss/_select.scss
345 silly gunzTarPerm extractEntry bin/testApp/www/lib/ionic/scss/_slide-box.scss
346 silly gunzTarPerm extractEntry bin/testApp/www/lib/ionic/scss/_split-pane.scss
347 silly gunzTarPerm extractEntry bin/testApp/www/lib/ionic/scss/_tabs.scss
348 silly gunzTarPerm extractEntry bin/testApp/www/lib/ionic/scss/_toggle.scss
349 silly gunzTarPerm extractEntry bin/testApp/www/lib/ionic/scss/_type.scss
350 silly gunzTarPerm extractEntry bin/testApp/www/lib/ionic/scss/_util.scss
351 silly gunzTarPerm extractEntry bin/testApp/www/lib/ionic/scss/_variables.scss
352 silly gunzTarPerm extractEntry bin/testApp/www/lib/ionic/scss/ionic.scss
353 silly gunzTarPerm extractEntry bin/testApp/www/lib/ionic/scss/ionicons/_ionicons-animation.scss
354 silly gunzTarPerm extractEntry bin/testApp/www/lib/ionic/scss/ionicons/_ionicons-font.scss
355 silly gunzTarPerm extractEntry bin/testApp/www/lib/ionic/scss/ionicons/_ionicons-icons.scss
356 silly gunzTarPerm extractEntry bin/testApp/www/lib/ionic/scss/ionicons/_ionicons-variables.scss
357 silly gunzTarPerm extractEntry bin/testApp/www/lib/ionic/scss/ionicons/ionicons.scss
358 silly gunzTarPerm extractEntry bin/testApp/www/lib/ionic/version.json
359 silly gunzTarPerm extractEntry bin/testApp/www/templates/friend-detail.html
360 silly gunzTarPerm extractEntry bin/testApp/www/templates/tab-account.html
361 silly gunzTarPerm extractEntry bin/testApp/www/templates/tab-dash.html
362 silly gunzTarPerm extractEntry bin/testApp/www/templates/tab-friends.html
363 silly gunzTarPerm extractEntry bin/testApp/www/templates/tabs.html
364 silly gunzTarPerm extractEntry lib/ionic.js
365 silly gunzTarPerm extractEntry lib/hooks/after_prepare/010_add_platform_class.js
366 silly gunzTarPerm extractEntry lib/ionic/bower.js
367 silly gunzTarPerm extractEntry lib/ionic/lib.js
368 silly gunzTarPerm extractEntry lib/ionic/login.js
369 silly gunzTarPerm extractEntry lib/ionic/package.js
370 silly gunzTarPerm extractEntry lib/ionic/project.js
371 silly gunzTarPerm extractEntry lib/ionic/cordova.js
372 silly gunzTarPerm extractEntry lib/ionic/setup.js
373 silly gunzTarPerm extractEntry lib/ionic/start.js
374 silly gunzTarPerm extractEntry lib/ionic/stats.js
375 silly gunzTarPerm extractEntry lib/ionic/store.js
376 silly gunzTarPerm extractEntry lib/ionic/task.js
377 silly gunzTarPerm extractEntry lib/ionic/config.js
378 silly gunzTarPerm extractEntry lib/ionic/upload.js
379 silly gunzTarPerm extractEntry lib/ionic/serve.js
380 silly lockFile eed7159d-sers-gca-npm-ionic-1-2-2-package tar:///Users/gca/.npm/ionic/1.2.2/package
381 silly lockFile eed7159d-sers-gca-npm-ionic-1-2-2-package tar:///Users/gca/.npm/ionic/1.2.2/package
382 silly lockFile ffbafc3b--gca-npm-ionic-1-2-2-package-tgz tar:///Users/gca/.npm/ionic/1.2.2/package.tgz
383 silly lockFile ffbafc3b--gca-npm-ionic-1-2-2-package-tgz tar:///Users/gca/.npm/ionic/1.2.2/package.tgz
384 verbose chmod /Users/gca/.npm/ionic/1.2.2/package.tgz 644
385 verbose chown /Users/gca/.npm/ionic/1.2.2/package.tgz [ 501, 20 ]
386 silly lockFile eafc8072--npmjs-org-ionic-ionic-1-2-2-tgz https://registry.npmjs.org/ionic/-/ionic-1.2.2.tgz
387 silly lockFile eafc8072--npmjs-org-ionic-ionic-1-2-2-tgz https://registry.npmjs.org/ionic/-/ionic-1.2.2.tgz
388 silly lockFile 41e8f375-ionic-1-2-2 ionic@1.2.2
389 silly lockFile 41e8f375-ionic-1-2-2 ionic@1.2.2
390 silly lockFile bf13f592-ionic ionic@*
391 silly lockFile bf13f592-ionic ionic@*
392 info outdated updating [ [ '/usr/local/lib', 'ionic', '1.2.0', '1.2.2', '1.2.2', '*' ] ]
393 verbose install where,what [ '/usr/local/lib', [ 'ionic@1.2.2' ] ]
394 verbose cache add [ 'ionic@1.2.2', null ]
395 verbose cache add name=undefined spec="ionic@1.2.2" args=["ionic@1.2.2",null]
396 verbose parsed url { protocol: null,
396 verbose parsed url   slashes: null,
396 verbose parsed url   auth: null,
396 verbose parsed url   host: null,
396 verbose parsed url   port: null,
396 verbose parsed url   hostname: null,
396 verbose parsed url   hash: null,
396 verbose parsed url   search: null,
396 verbose parsed url   query: null,
396 verbose parsed url   pathname: 'ionic@1.2.2',
396 verbose parsed url   path: 'ionic@1.2.2',
396 verbose parsed url   href: 'ionic@1.2.2' }
397 verbose cache add name="ionic" spec="1.2.2" args=["ionic","1.2.2"]
398 verbose parsed url { protocol: null,
398 verbose parsed url   slashes: null,
398 verbose parsed url   auth: null,
398 verbose parsed url   host: null,
398 verbose parsed url   port: null,
398 verbose parsed url   hostname: null,
398 verbose parsed url   hash: null,
398 verbose parsed url   search: null,
398 verbose parsed url   query: null,
398 verbose parsed url   pathname: '1.2.2',
398 verbose parsed url   path: '1.2.2',
398 verbose parsed url   href: '1.2.2' }
399 verbose addNamed [ 'ionic', '1.2.2' ]
400 verbose addNamed [ '1.2.2', '1.2.2' ]
401 silly lockFile 41e8f375-ionic-1-2-2 ionic@1.2.2
402 verbose lock ionic@1.2.2 /Users/gca/.npm/41e8f375-ionic-1-2-2.lock
403 verbose url raw ionic/1.2.2
404 verbose url resolving [ 'https://registry.npmjs.org/', './ionic/1.2.2' ]
405 verbose url resolved https://registry.npmjs.org/ionic/1.2.2
406 info trying registry request attempt 1 at 17:35:02
407 http GET https://registry.npmjs.org/ionic/1.2.2
408 http 200 https://registry.npmjs.org/ionic/1.2.2
409 silly registry.get cb [ 200,
409 silly registry.get   { date: 'Mon, 08 Sep 2014 11:05:03 GMT',
409 silly registry.get     server: 'CouchDB/1.5.0 (Erlang OTP/R16B03)',
409 silly registry.get     etag: '"2MU5MKMEEYWJZ95PRLQGKI97D"',
409 silly registry.get     'content-type': 'application/json',
409 silly registry.get     'cache-control': 'max-age=60',
409 silly registry.get     'content-length': '1570',
409 silly registry.get     'accept-ranges': 'bytes',
409 silly registry.get     via: '1.1 varnish',
409 silly registry.get     age: '0',
409 silly registry.get     'x-served-by': 'cache-hk92-HKG',
409 silly registry.get     'x-cache': 'MISS',
409 silly registry.get     'x-cache-hits': '0',
409 silly registry.get     'x-timer': 'S1410174302.567807,VS0,VE944',
409 silly registry.get     vary: 'Accept',
409 silly registry.get     'keep-alive': 'timeout=10, max=50',
409 silly registry.get     connection: 'Keep-Alive' } ]
410 silly lockFile eafc8072--npmjs-org-ionic-ionic-1-2-2-tgz https://registry.npmjs.org/ionic/-/ionic-1.2.2.tgz
411 verbose lock https://registry.npmjs.org/ionic/-/ionic-1.2.2.tgz /Users/gca/.npm/eafc8072--npmjs-org-ionic-ionic-1-2-2-tgz.lock
412 verbose addRemoteTarball [ 'https://registry.npmjs.org/ionic/-/ionic-1.2.2.tgz',
412 verbose addRemoteTarball   '2bc8370207cfb30449b21161e3b90568c6462515' ]
413 info retry fetch attempt 1 at 17:35:03
414 verbose fetch to= /var/folders/h_/n3jf4kjn3l1c__433p4p0m9m0000gn/T/npm-19406-GQlE-yIG/1410174303541-0.612084288848564/tmp.tgz
415 http GET https://registry.npmjs.org/ionic/-/ionic-1.2.2.tgz
416 http 200 https://registry.npmjs.org/ionic/-/ionic-1.2.2.tgz
417 verbose tar unpack /var/folders/h_/n3jf4kjn3l1c__433p4p0m9m0000gn/T/npm-19406-GQlE-yIG/1410174303541-0.612084288848564/tmp.tgz
418 silly lockFile 3e52c5ff-303541-0-612084288848564-package tar:///var/folders/h_/n3jf4kjn3l1c__433p4p0m9m0000gn/T/npm-19406-GQlE-yIG/1410174303541-0.612084288848564/package
419 verbose lock tar:///var/folders/h_/n3jf4kjn3l1c__433p4p0m9m0000gn/T/npm-19406-GQlE-yIG/1410174303541-0.612084288848564/package /Users/gca/.npm/3e52c5ff-303541-0-612084288848564-package.lock
420 silly lockFile be8463ce-303541-0-612084288848564-tmp-tgz tar:///var/folders/h_/n3jf4kjn3l1c__433p4p0m9m0000gn/T/npm-19406-GQlE-yIG/1410174303541-0.612084288848564/tmp.tgz
421 verbose lock tar:///var/folders/h_/n3jf4kjn3l1c__433p4p0m9m0000gn/T/npm-19406-GQlE-yIG/1410174303541-0.612084288848564/tmp.tgz /Users/gca/.npm/be8463ce-303541-0-612084288848564-tmp-tgz.lock
422 silly gunzTarPerm modes [ '755', '644' ]
423 silly gunzTarPerm extractEntry package.json
424 silly gunzTarPerm modified mode [ 'package.json', 436, 420 ]
425 silly gunzTarPerm extractEntry .npmignore
426 silly gunzTarPerm modified mode [ '.npmignore', 436, 420 ]
427 silly gunzTarPerm extractEntry README.md
428 silly gunzTarPerm modified mode [ 'README.md', 436, 420 ]
429 silly gunzTarPerm extractEntry LICENSE
430 silly gunzTarPerm extractEntry .gitattributes
431 silly gunzTarPerm extractEntry bin/ionic
432 silly gunzTarPerm extractEntry bin/testApp/package.json
433 silly gunzTarPerm modified mode [ 'bin/testApp/package.json', 436, 420 ]
434 silly gunzTarPerm extractEntry bin/testApp/.npmignore
435 silly gunzTarPerm modified mode [ 'bin/testApp/.npmignore', 436, 420 ]
436 silly gunzTarPerm extractEntry bin/testApp/gulpfile.js
437 silly gunzTarPerm modified mode [ 'bin/testApp/gulpfile.js', 436, 420 ]
438 silly gunzTarPerm extractEntry bin/testApp/ionic.project
439 silly gunzTarPerm modified mode [ 'bin/testApp/ionic.project', 436, 420 ]
440 silly gunzTarPerm extractEntry bin/testApp/.bowerrc
441 silly gunzTarPerm modified mode [ 'bin/testApp/.bowerrc', 436, 420 ]
442 silly gunzTarPerm extractEntry bin/testApp/hooks/README.md
443 silly gunzTarPerm modified mode [ 'bin/testApp/hooks/README.md', 436, 420 ]
444 silly gunzTarPerm extractEntry bin/testApp/hooks/after_prepare/010_add_platform_class.js
445 silly gunzTarPerm extractEntry bin/testApp/bower.json
446 silly gunzTarPerm modified mode [ 'bin/testApp/bower.json', 436, 420 ]
447 silly gunzTarPerm extractEntry bin/testApp/config.xml
448 silly gunzTarPerm modified mode [ 'bin/testApp/config.xml', 436, 420 ]
449 silly gunzTarPerm extractEntry bin/testApp/scss/ionic.app.scss
450 silly gunzTarPerm modified mode [ 'bin/testApp/scss/ionic.app.scss', 436, 420 ]
451 silly gunzTarPerm extractEntry bin/testApp/www/css/style.css
452 silly gunzTarPerm modified mode [ 'bin/testApp/www/css/style.css', 436, 420 ]
453 silly gunzTarPerm extractEntry bin/testApp/www/img/ionic.png
454 silly gunzTarPerm modified mode [ 'bin/testApp/www/img/ionic.png', 436, 420 ]
455 silly gunzTarPerm extractEntry bin/testApp/www/index.html
456 silly gunzTarPerm modified mode [ 'bin/testApp/www/index.html', 436, 420 ]
457 silly gunzTarPerm extractEntry bin/testApp/www/js/app.js
458 silly gunzTarPerm modified mode [ 'bin/testApp/www/js/app.js', 436, 420 ]
459 silly gunzTarPerm extractEntry bin/testApp/www/js/controllers.js
460 silly gunzTarPerm modified mode [ 'bin/testApp/www/js/controllers.js', 436, 420 ]
461 silly gunzTarPerm extractEntry bin/testApp/www/js/services.js
462 silly gunzTarPerm modified mode [ 'bin/testApp/www/js/services.js', 436, 420 ]
463 silly gunzTarPerm extractEntry bin/testApp/www/lib/ionic/css/ionic.css
464 silly gunzTarPerm modified mode [ 'bin/testApp/www/lib/ionic/css/ionic.css', 436, 420 ]
465 silly gunzTarPerm extractEntry bin/testApp/www/lib/ionic/css/ionic.min.css
466 silly gunzTarPerm modified mode [ 'bin/testApp/www/lib/ionic/css/ionic.min.css', 436, 420 ]
467 silly gunzTarPerm extractEntry bin/testApp/www/lib/ionic/fonts/ionicons.eot
468 silly gunzTarPerm modified mode [ 'bin/testApp/www/lib/ionic/fonts/ionicons.eot', 436, 420 ]
469 silly gunzTarPerm extractEntry bin/testApp/www/lib/ionic/fonts/ionicons.svg
470 silly gunzTarPerm modified mode [ 'bin/testApp/www/lib/ionic/fonts/ionicons.svg', 436, 420 ]
471 silly gunzTarPerm extractEntry bin/testApp/www/lib/ionic/fonts/ionicons.ttf
472 silly gunzTarPerm modified mode [ 'bin/testApp/www/lib/ionic/fonts/ionicons.ttf', 436, 420 ]
473 silly gunzTarPerm extractEntry bin/testApp/www/lib/ionic/fonts/ionicons.woff
474 silly gunzTarPerm modified mode [ 'bin/testApp/www/lib/ionic/fonts/ionicons.woff', 436, 420 ]
475 silly gunzTarPerm extractEntry bin/testApp/www/lib/ionic/js/ionic-angular.js
476 silly gunzTarPerm modified mode [ 'bin/testApp/www/lib/ionic/js/ionic-angular.js', 436, 420 ]
477 silly gunzTarPerm extractEntry bin/testApp/www/lib/ionic/js/ionic-angular.min.js
478 silly gunzTarPerm modified mode [ 'bin/testApp/www/lib/ionic/js/ionic-angular.min.js', 436, 420 ]
479 silly gunzTarPerm extractEntry bin/testApp/www/lib/ionic/js/ionic.bundle.js
480 silly gunzTarPerm modified mode [ 'bin/testApp/www/lib/ionic/js/ionic.bundle.js', 436, 420 ]
481 silly gunzTarPerm extractEntry bin/testApp/www/lib/ionic/js/ionic.bundle.min.js
482 silly gunzTarPerm modified mode [ 'bin/testApp/www/lib/ionic/js/ionic.bundle.min.js', 436, 420 ]
483 silly gunzTarPerm extractEntry bin/testApp/www/lib/ionic/js/ionic.js
484 silly gunzTarPerm modified mode [ 'bin/testApp/www/lib/ionic/js/ionic.js', 436, 420 ]
485 silly gunzTarPerm extractEntry bin/testApp/www/lib/ionic/js/ionic.min.js
486 silly gunzTarPerm modified mode [ 'bin/testApp/www/lib/ionic/js/ionic.min.js', 436, 420 ]
487 silly gunzTarPerm extractEntry bin/testApp/www/lib/ionic/js/angular/angular-animate.js
488 silly gunzTarPerm modified mode [ 'bin/testApp/www/lib/ionic/js/angular/angular-animate.js',
488 silly gunzTarPerm   436,
488 silly gunzTarPerm   420 ]
489 silly gunzTarPerm extractEntry bin/testApp/www/lib/ionic/js/angular/angular-animate.min.js
490 silly gunzTarPerm modified mode [ 'bin/testApp/www/lib/ionic/js/angular/angular-animate.min.js',
490 silly gunzTarPerm   436,
490 silly gunzTarPerm   420 ]
491 silly gunzTarPerm extractEntry bin/testApp/www/lib/ionic/js/angular/angular-resource.js
492 silly gunzTarPerm modified mode [ 'bin/testApp/www/lib/ionic/js/angular/angular-resource.js',
492 silly gunzTarPerm   436,
492 silly gunzTarPerm   420 ]
493 silly gunzTarPerm extractEntry bin/testApp/www/lib/ionic/js/angular/angular-resource.min.js
494 silly gunzTarPerm modified mode [ 'bin/testApp/www/lib/ionic/js/angular/angular-resource.min.js',
494 silly gunzTarPerm   436,
494 silly gunzTarPerm   420 ]
495 silly gunzTarPerm extractEntry bin/testApp/www/lib/ionic/js/angular/angular-sanitize.js
496 silly gunzTarPerm modified mode [ 'bin/testApp/www/lib/ionic/js/angular/angular-sanitize.js',
496 silly gunzTarPerm   436,
496 silly gunzTarPerm   420 ]
497 silly gunzTarPerm extractEntry bin/testApp/www/lib/ionic/js/angular/angular-sanitize.min.js
498 silly gunzTarPerm modified mode [ 'bin/testApp/www/lib/ionic/js/angular/angular-sanitize.min.js',
498 silly gunzTarPerm   436,
498 silly gunzTarPerm   420 ]
499 silly gunzTarPerm extractEntry bin/testApp/www/lib/ionic/js/angular/angular.js
500 silly gunzTarPerm modified mode [ 'bin/testApp/www/lib/ionic/js/angular/angular.js', 436, 420 ]
501 silly gunzTarPerm extractEntry bin/testApp/www/lib/ionic/js/angular/angular.min.js
502 silly gunzTarPerm modified mode [ 'bin/testApp/www/lib/ionic/js/angular/angular.min.js',
502 silly gunzTarPerm   436,
502 silly gunzTarPerm   420 ]
503 silly gunzTarPerm extractEntry bin/testApp/www/lib/ionic/js/angular-ui/angular-ui-router.js
504 silly gunzTarPerm modified mode [ 'bin/testApp/www/lib/ionic/js/angular-ui/angular-ui-router.js',
504 silly gunzTarPerm   436,
504 silly gunzTarPerm   420 ]
505 silly gunzTarPerm extractEntry bin/testApp/www/lib/ionic/js/angular-ui/angular-ui-router.min.js
506 silly gunzTarPerm modified mode [ 'bin/testApp/www/lib/ionic/js/angular-ui/angular-ui-router.min.js',
506 silly gunzTarPerm   436,
506 silly gunzTarPerm   420 ]
507 silly gunzTarPerm extractEntry bin/testApp/www/lib/ionic/scss/_popover.scss
508 silly gunzTarPerm modified mode [ 'bin/testApp/www/lib/ionic/scss/_popover.scss', 436, 420 ]
509 silly gunzTarPerm extractEntry bin/testApp/www/lib/ionic/scss/_action-sheet.scss
510 silly gunzTarPerm modified mode [ 'bin/testApp/www/lib/ionic/scss/_action-sheet.scss', 436, 420 ]
511 silly gunzTarPerm extractEntry bin/testApp/www/lib/ionic/scss/_backdrop.scss
512 silly gunzTarPerm modified mode [ 'bin/testApp/www/lib/ionic/scss/_backdrop.scss', 436, 420 ]
513 silly gunzTarPerm extractEntry bin/testApp/www/lib/ionic/scss/_badge.scss
514 silly gunzTarPerm modified mode [ 'bin/testApp/www/lib/ionic/scss/_badge.scss', 436, 420 ]
515 silly gunzTarPerm extractEntry bin/testApp/www/lib/ionic/scss/_bar.scss
516 silly gunzTarPerm modified mode [ 'bin/testApp/www/lib/ionic/scss/_bar.scss', 436, 420 ]
517 silly gunzTarPerm extractEntry bin/testApp/www/lib/ionic/scss/_button-bar.scss
518 silly gunzTarPerm modified mode [ 'bin/testApp/www/lib/ionic/scss/_button-bar.scss', 436, 420 ]
519 silly gunzTarPerm extractEntry bin/testApp/www/lib/ionic/scss/_button.scss
520 silly gunzTarPerm modified mode [ 'bin/testApp/www/lib/ionic/scss/_button.scss', 436, 420 ]
521 silly gunzTarPerm extractEntry bin/testApp/www/lib/ionic/scss/_checkbox.scss
522 silly gunzTarPerm modified mode [ 'bin/testApp/www/lib/ionic/scss/_checkbox.scss', 436, 420 ]
523 silly gunzTarPerm extractEntry bin/testApp/www/lib/ionic/scss/_form.scss
524 silly gunzTarPerm modified mode [ 'bin/testApp/www/lib/ionic/scss/_form.scss', 436, 420 ]
525 silly gunzTarPerm extractEntry bin/testApp/www/lib/ionic/scss/_grid.scss
526 silly gunzTarPerm modified mode [ 'bin/testApp/www/lib/ionic/scss/_grid.scss', 436, 420 ]
527 silly gunzTarPerm extractEntry bin/testApp/www/lib/ionic/scss/_items.scss
528 silly gunzTarPerm modified mode [ 'bin/testApp/www/lib/ionic/scss/_items.scss', 436, 420 ]
529 silly gunzTarPerm extractEntry bin/testApp/www/lib/ionic/scss/_list.scss
530 silly gunzTarPerm modified mode [ 'bin/testApp/www/lib/ionic/scss/_list.scss', 436, 420 ]
531 silly gunzTarPerm extractEntry bin/testApp/www/lib/ionic/scss/_loading.scss
532 silly gunzTarPerm modified mode [ 'bin/testApp/www/lib/ionic/scss/_loading.scss', 436, 420 ]
533 silly gunzTarPerm extractEntry bin/testApp/www/lib/ionic/scss/_menu.scss
534 silly gunzTarPerm modified mode [ 'bin/testApp/www/lib/ionic/scss/_menu.scss', 436, 420 ]
535 silly gunzTarPerm extractEntry bin/testApp/www/lib/ionic/scss/_mixins.scss
536 silly gunzTarPerm modified mode [ 'bin/testApp/www/lib/ionic/scss/_mixins.scss', 436, 420 ]
537 silly gunzTarPerm extractEntry bin/testApp/www/lib/ionic/scss/_modal.scss
538 silly gunzTarPerm modified mode [ 'bin/testApp/www/lib/ionic/scss/_modal.scss', 436, 420 ]
539 silly gunzTarPerm extractEntry bin/testApp/www/lib/ionic/scss/_platform.scss
540 silly gunzTarPerm modified mode [ 'bin/testApp/www/lib/ionic/scss/_platform.scss', 436, 420 ]
541 silly gunzTarPerm extractEntry bin/testApp/www/lib/ionic/scss/_animations.scss
542 silly gunzTarPerm modified mode [ 'bin/testApp/www/lib/ionic/scss/_animations.scss', 436, 420 ]
543 silly gunzTarPerm extractEntry bin/testApp/www/lib/ionic/scss/_popup.scss
544 silly gunzTarPerm modified mode [ 'bin/testApp/www/lib/ionic/scss/_popup.scss', 436, 420 ]
545 silly gunzTarPerm extractEntry bin/testApp/www/lib/ionic/scss/_progress.scss
546 silly gunzTarPerm modified mode [ 'bin/testApp/www/lib/ionic/scss/_progress.scss', 436, 420 ]
547 silly gunzTarPerm extractEntry bin/testApp/www/lib/ionic/scss/_radio.scss
548 silly gunzTarPerm modified mode [ 'bin/testApp/www/lib/ionic/scss/_radio.scss', 436, 420 ]
549 silly gunzTarPerm extractEntry bin/testApp/www/lib/ionic/scss/_range.scss
550 silly gunzTarPerm modified mode [ 'bin/testApp/www/lib/ionic/scss/_range.scss', 436, 420 ]
551 silly gunzTarPerm extractEntry bin/testApp/www/lib/ionic/scss/_reset.scss
552 silly gunzTarPerm modified mode [ 'bin/testApp/www/lib/ionic/scss/_reset.scss', 436, 420 ]
553 silly gunzTarPerm extractEntry bin/testApp/www/lib/ionic/scss/_scaffolding.scss
554 silly gunzTarPerm modified mode [ 'bin/testApp/www/lib/ionic/scss/_scaffolding.scss', 436, 420 ]
555 silly gunzTarPerm extractEntry bin/testApp/www/lib/ionic/scss/_select.scss
556 silly gunzTarPerm modified mode [ 'bin/testApp/www/lib/ionic/scss/_select.scss', 436, 420 ]
557 silly gunzTarPerm extractEntry bin/testApp/www/lib/ionic/scss/_slide-box.scss
558 silly gunzTarPerm modified mode [ 'bin/testApp/www/lib/ionic/scss/_slide-box.scss', 436, 420 ]
559 silly gunzTarPerm extractEntry bin/testApp/www/lib/ionic/scss/_split-pane.scss
560 silly gunzTarPerm modified mode [ 'bin/testApp/www/lib/ionic/scss/_split-pane.scss', 436, 420 ]
561 silly gunzTarPerm extractEntry bin/testApp/www/lib/ionic/scss/_tabs.scss
562 silly gunzTarPerm modified mode [ 'bin/testApp/www/lib/ionic/scss/_tabs.scss', 436, 420 ]
563 silly gunzTarPerm extractEntry bin/testApp/www/lib/ionic/scss/_toggle.scss
564 silly gunzTarPerm modified mode [ 'bin/testApp/www/lib/ionic/scss/_toggle.scss', 436, 420 ]
565 silly gunzTarPerm extractEntry bin/testApp/www/lib/ionic/scss/_type.scss
566 silly gunzTarPerm modified mode [ 'bin/testApp/www/lib/ionic/scss/_type.scss', 436, 420 ]
567 silly gunzTarPerm extractEntry bin/testApp/www/lib/ionic/scss/_util.scss
568 silly gunzTarPerm modified mode [ 'bin/testApp/www/lib/ionic/scss/_util.scss', 436, 420 ]
569 silly gunzTarPerm extractEntry bin/testApp/www/lib/ionic/scss/_variables.scss
570 silly gunzTarPerm modified mode [ 'bin/testApp/www/lib/ionic/scss/_variables.scss', 436, 420 ]
571 silly gunzTarPerm extractEntry bin/testApp/www/lib/ionic/scss/ionic.scss
572 silly gunzTarPerm modified mode [ 'bin/testApp/www/lib/ionic/scss/ionic.scss', 436, 420 ]
573 silly gunzTarPerm extractEntry bin/testApp/www/lib/ionic/scss/ionicons/_ionicons-animation.scss
574 silly gunzTarPerm modified mode [ 'bin/testApp/www/lib/ionic/scss/ionicons/_ionicons-animation.scss',
574 silly gunzTarPerm   436,
574 silly gunzTarPerm   420 ]
575 silly gunzTarPerm extractEntry bin/testApp/www/lib/ionic/scss/ionicons/_ionicons-font.scss
576 silly gunzTarPerm modified mode [ 'bin/testApp/www/lib/ionic/scss/ionicons/_ionicons-font.scss',
576 silly gunzTarPerm   436,
576 silly gunzTarPerm   420 ]
577 silly gunzTarPerm extractEntry bin/testApp/www/lib/ionic/scss/ionicons/_ionicons-icons.scss
578 silly gunzTarPerm modified mode [ 'bin/testApp/www/lib/ionic/scss/ionicons/_ionicons-icons.scss',
578 silly gunzTarPerm   436,
578 silly gunzTarPerm   420 ]
579 silly gunzTarPerm extractEntry bin/testApp/www/lib/ionic/scss/ionicons/_ionicons-variables.scss
580 silly gunzTarPerm modified mode [ 'bin/testApp/www/lib/ionic/scss/ionicons/_ionicons-variables.scss',
580 silly gunzTarPerm   436,
580 silly gunzTarPerm   420 ]
581 silly gunzTarPerm extractEntry bin/testApp/www/lib/ionic/scss/ionicons/ionicons.scss
582 silly gunzTarPerm modified mode [ 'bin/testApp/www/lib/ionic/scss/ionicons/ionicons.scss',
582 silly gunzTarPerm   436,
582 silly gunzTarPerm   420 ]
583 silly gunzTarPerm extractEntry bin/testApp/www/lib/ionic/version.json
584 silly gunzTarPerm modified mode [ 'bin/testApp/www/lib/ionic/version.json', 436, 420 ]
585 silly gunzTarPerm extractEntry bin/testApp/www/templates/friend-detail.html
586 silly gunzTarPerm modified mode [ 'bin/testApp/www/templates/friend-detail.html', 436, 420 ]
587 silly gunzTarPerm extractEntry bin/testApp/www/templates/tab-account.html
588 silly gunzTarPerm modified mode [ 'bin/testApp/www/templates/tab-account.html', 436, 420 ]
589 silly gunzTarPerm extractEntry bin/testApp/www/templates/tab-dash.html
590 silly gunzTarPerm modified mode [ 'bin/testApp/www/templates/tab-dash.html', 436, 420 ]
591 silly gunzTarPerm extractEntry bin/testApp/www/templates/tab-friends.html
592 silly gunzTarPerm modified mode [ 'bin/testApp/www/templates/tab-friends.html', 436, 420 ]
593 silly gunzTarPerm extractEntry bin/testApp/www/templates/tabs.html
594 silly gunzTarPerm modified mode [ 'bin/testApp/www/templates/tabs.html', 436, 420 ]
595 silly gunzTarPerm extractEntry lib/ionic.js
596 silly gunzTarPerm modified mode [ 'lib/ionic.js', 436, 420 ]
597 silly gunzTarPerm extractEntry lib/hooks/after_prepare/010_add_platform_class.js
598 silly gunzTarPerm modified mode [ 'lib/hooks/after_prepare/010_add_platform_class.js', 509, 493 ]
599 silly gunzTarPerm extractEntry lib/ionic/bower.js
600 silly gunzTarPerm modified mode [ 'lib/ionic/bower.js', 436, 420 ]
601 silly gunzTarPerm extractEntry lib/ionic/lib.js
602 silly gunzTarPerm modified mode [ 'lib/ionic/lib.js', 436, 420 ]
603 silly gunzTarPerm extractEntry lib/ionic/login.js
604 silly gunzTarPerm modified mode [ 'lib/ionic/login.js', 436, 420 ]
605 silly gunzTarPerm extractEntry lib/ionic/package.js
606 silly gunzTarPerm modified mode [ 'lib/ionic/package.js', 436, 420 ]
607 silly gunzTarPerm extractEntry lib/ionic/project.js
608 silly gunzTarPerm modified mode [ 'lib/ionic/project.js', 436, 420 ]
609 silly gunzTarPerm extractEntry lib/ionic/cordova.js
610 silly gunzTarPerm modified mode [ 'lib/ionic/cordova.js', 436, 420 ]
611 silly gunzTarPerm extractEntry lib/ionic/setup.js
612 silly gunzTarPerm modified mode [ 'lib/ionic/setup.js', 436, 420 ]
613 silly gunzTarPerm extractEntry lib/ionic/start.js
614 silly gunzTarPerm modified mode [ 'lib/ionic/start.js', 436, 420 ]
615 silly gunzTarPerm extractEntry lib/ionic/stats.js
616 silly gunzTarPerm modified mode [ 'lib/ionic/stats.js', 436, 420 ]
617 silly gunzTarPerm extractEntry lib/ionic/store.js
618 silly gunzTarPerm modified mode [ 'lib/ionic/store.js', 436, 420 ]
619 silly gunzTarPerm extractEntry lib/ionic/task.js
620 silly gunzTarPerm modified mode [ 'lib/ionic/task.js', 436, 420 ]
621 silly gunzTarPerm extractEntry lib/ionic/config.js
622 silly gunzTarPerm modified mode [ 'lib/ionic/config.js', 436, 420 ]
623 silly gunzTarPerm extractEntry lib/ionic/upload.js
624 silly gunzTarPerm modified mode [ 'lib/ionic/upload.js', 436, 420 ]
625 silly gunzTarPerm extractEntry lib/ionic/serve.js
626 silly gunzTarPerm modified mode [ 'lib/ionic/serve.js', 436, 420 ]
627 silly lockFile 3e52c5ff-303541-0-612084288848564-package tar:///var/folders/h_/n3jf4kjn3l1c__433p4p0m9m0000gn/T/npm-19406-GQlE-yIG/1410174303541-0.612084288848564/package
628 silly lockFile 3e52c5ff-303541-0-612084288848564-package tar:///var/folders/h_/n3jf4kjn3l1c__433p4p0m9m0000gn/T/npm-19406-GQlE-yIG/1410174303541-0.612084288848564/package
629 silly lockFile be8463ce-303541-0-612084288848564-tmp-tgz tar:///var/folders/h_/n3jf4kjn3l1c__433p4p0m9m0000gn/T/npm-19406-GQlE-yIG/1410174303541-0.612084288848564/tmp.tgz
630 silly lockFile be8463ce-303541-0-612084288848564-tmp-tgz tar:///var/folders/h_/n3jf4kjn3l1c__433p4p0m9m0000gn/T/npm-19406-GQlE-yIG/1410174303541-0.612084288848564/tmp.tgz
631 verbose tar pack [ '/Users/gca/.npm/ionic/1.2.2/package.tgz',
631 verbose tar pack   '/var/folders/h_/n3jf4kjn3l1c__433p4p0m9m0000gn/T/npm-19406-GQlE-yIG/1410174303541-0.612084288848564/package' ]
632 verbose tarball /Users/gca/.npm/ionic/1.2.2/package.tgz
633 verbose folder /var/folders/h_/n3jf4kjn3l1c__433p4p0m9m0000gn/T/npm-19406-GQlE-yIG/1410174303541-0.612084288848564/package
634 silly lockFile 3e52c5ff-303541-0-612084288848564-package tar:///var/folders/h_/n3jf4kjn3l1c__433p4p0m9m0000gn/T/npm-19406-GQlE-yIG/1410174303541-0.612084288848564/package
635 verbose lock tar:///var/folders/h_/n3jf4kjn3l1c__433p4p0m9m0000gn/T/npm-19406-GQlE-yIG/1410174303541-0.612084288848564/package /Users/gca/.npm/3e52c5ff-303541-0-612084288848564-package.lock
636 silly lockFile ffbafc3b--gca-npm-ionic-1-2-2-package-tgz tar:///Users/gca/.npm/ionic/1.2.2/package.tgz
637 verbose lock tar:///Users/gca/.npm/ionic/1.2.2/package.tgz /Users/gca/.npm/ffbafc3b--gca-npm-ionic-1-2-2-package-tgz.lock
638 silly lockFile 3e52c5ff-303541-0-612084288848564-package tar:///var/folders/h_/n3jf4kjn3l1c__433p4p0m9m0000gn/T/npm-19406-GQlE-yIG/1410174303541-0.612084288848564/package
639 silly lockFile 3e52c5ff-303541-0-612084288848564-package tar:///var/folders/h_/n3jf4kjn3l1c__433p4p0m9m0000gn/T/npm-19406-GQlE-yIG/1410174303541-0.612084288848564/package
640 silly lockFile ffbafc3b--gca-npm-ionic-1-2-2-package-tgz tar:///Users/gca/.npm/ionic/1.2.2/package.tgz
641 silly lockFile ffbafc3b--gca-npm-ionic-1-2-2-package-tgz tar:///Users/gca/.npm/ionic/1.2.2/package.tgz
642 silly lockFile 0a5ccab8-sers-gca-npm-ionic-1-2-2-package /Users/gca/.npm/ionic/1.2.2/package
643 verbose lock /Users/gca/.npm/ionic/1.2.2/package /Users/gca/.npm/0a5ccab8-sers-gca-npm-ionic-1-2-2-package.lock
644 silly lockFile 0a5ccab8-sers-gca-npm-ionic-1-2-2-package /Users/gca/.npm/ionic/1.2.2/package
645 silly lockFile 0a5ccab8-sers-gca-npm-ionic-1-2-2-package /Users/gca/.npm/ionic/1.2.2/package
646 verbose tar unpack /Users/gca/.npm/ionic/1.2.2/package.tgz
647 silly lockFile eed7159d-sers-gca-npm-ionic-1-2-2-package tar:///Users/gca/.npm/ionic/1.2.2/package
648 verbose lock tar:///Users/gca/.npm/ionic/1.2.2/package /Users/gca/.npm/eed7159d-sers-gca-npm-ionic-1-2-2-package.lock
649 silly lockFile ffbafc3b--gca-npm-ionic-1-2-2-package-tgz tar:///Users/gca/.npm/ionic/1.2.2/package.tgz
650 verbose lock tar:///Users/gca/.npm/ionic/1.2.2/package.tgz /Users/gca/.npm/ffbafc3b--gca-npm-ionic-1-2-2-package-tgz.lock
651 silly gunzTarPerm modes [ '755', '644' ]
652 silly gunzTarPerm extractEntry package.json
653 silly gunzTarPerm extractEntry .npmignore
654 silly gunzTarPerm extractEntry README.md
655 silly gunzTarPerm extractEntry LICENSE
656 silly gunzTarPerm extractEntry .gitattributes
657 silly gunzTarPerm extractEntry bin/ionic
658 silly gunzTarPerm extractEntry bin/testApp/package.json
659 silly gunzTarPerm extractEntry bin/testApp/.npmignore
660 silly gunzTarPerm extractEntry bin/testApp/gulpfile.js
661 silly gunzTarPerm extractEntry bin/testApp/.bowerrc
662 silly gunzTarPerm extractEntry bin/testApp/bower.json
663 silly gunzTarPerm extractEntry bin/testApp/config.xml
664 silly gunzTarPerm extractEntry bin/testApp/hooks/README.md
665 silly gunzTarPerm extractEntry bin/testApp/hooks/after_prepare/010_add_platform_class.js
666 silly gunzTarPerm extractEntry bin/testApp/ionic.project
667 silly gunzTarPerm extractEntry bin/testApp/scss/ionic.app.scss
668 silly gunzTarPerm extractEntry bin/testApp/www/css/style.css
669 silly gunzTarPerm extractEntry bin/testApp/www/img/ionic.png
670 silly gunzTarPerm extractEntry bin/testApp/www/index.html
671 silly gunzTarPerm extractEntry bin/testApp/www/js/app.js
672 silly gunzTarPerm extractEntry bin/testApp/www/js/controllers.js
673 silly gunzTarPerm extractEntry bin/testApp/www/js/services.js
674 silly gunzTarPerm extractEntry bin/testApp/www/lib/ionic/css/ionic.css
675 silly gunzTarPerm extractEntry bin/testApp/www/lib/ionic/css/ionic.min.css
676 silly gunzTarPerm extractEntry bin/testApp/www/lib/ionic/fonts/ionicons.eot
677 silly gunzTarPerm extractEntry bin/testApp/www/lib/ionic/fonts/ionicons.svg
678 silly gunzTarPerm extractEntry bin/testApp/www/lib/ionic/fonts/ionicons.ttf
679 silly gunzTarPerm extractEntry bin/testApp/www/lib/ionic/fonts/ionicons.woff
680 silly gunzTarPerm extractEntry bin/testApp/www/lib/ionic/js/ionic-angular.js
681 silly gunzTarPerm extractEntry bin/testApp/www/lib/ionic/js/ionic-angular.min.js
682 silly gunzTarPerm extractEntry bin/testApp/www/lib/ionic/js/ionic.bundle.js
683 silly gunzTarPerm extractEntry bin/testApp/www/lib/ionic/js/ionic.bundle.min.js
684 silly gunzTarPerm extractEntry bin/testApp/www/lib/ionic/js/ionic.js
685 silly gunzTarPerm extractEntry bin/testApp/www/lib/ionic/js/ionic.min.js
686 silly gunzTarPerm extractEntry bin/testApp/www/lib/ionic/js/angular/angular-animate.js
687 silly gunzTarPerm extractEntry bin/testApp/www/lib/ionic/js/angular/angular-animate.min.js
688 silly gunzTarPerm extractEntry bin/testApp/www/lib/ionic/js/angular/angular-resource.js
689 silly gunzTarPerm extractEntry bin/testApp/www/lib/ionic/js/angular/angular-resource.min.js
690 silly gunzTarPerm extractEntry bin/testApp/www/lib/ionic/js/angular/angular-sanitize.js
691 silly gunzTarPerm extractEntry bin/testApp/www/lib/ionic/js/angular/angular-sanitize.min.js
692 silly gunzTarPerm extractEntry bin/testApp/www/lib/ionic/js/angular/angular.js
693 silly gunzTarPerm extractEntry bin/testApp/www/lib/ionic/js/angular/angular.min.js
694 silly gunzTarPerm extractEntry bin/testApp/www/lib/ionic/js/angular-ui/angular-ui-router.js
695 silly gunzTarPerm extractEntry bin/testApp/www/lib/ionic/js/angular-ui/angular-ui-router.min.js
696 silly gunzTarPerm extractEntry bin/testApp/www/lib/ionic/scss/_popover.scss
697 silly gunzTarPerm extractEntry bin/testApp/www/lib/ionic/scss/_action-sheet.scss
698 silly gunzTarPerm extractEntry bin/testApp/www/lib/ionic/scss/_backdrop.scss
699 silly gunzTarPerm extractEntry bin/testApp/www/lib/ionic/scss/_badge.scss
700 silly gunzTarPerm extractEntry bin/testApp/www/lib/ionic/scss/_bar.scss
701 silly gunzTarPerm extractEntry bin/testApp/www/lib/ionic/scss/_button-bar.scss
702 silly gunzTarPerm extractEntry bin/testApp/www/lib/ionic/scss/_button.scss
703 silly gunzTarPerm extractEntry bin/testApp/www/lib/ionic/scss/_checkbox.scss
704 silly gunzTarPerm extractEntry bin/testApp/www/lib/ionic/scss/_form.scss
705 silly gunzTarPerm extractEntry bin/testApp/www/lib/ionic/scss/_grid.scss
706 silly gunzTarPerm extractEntry bin/testApp/www/lib/ionic/scss/_items.scss
707 silly gunzTarPerm extractEntry bin/testApp/www/lib/ionic/scss/_list.scss
708 silly gunzTarPerm extractEntry bin/testApp/www/lib/ionic/scss/_loading.scss
709 silly gunzTarPerm extractEntry bin/testApp/www/lib/ionic/scss/_menu.scss
710 silly gunzTarPerm extractEntry bin/testApp/www/lib/ionic/scss/_mixins.scss
711 silly gunzTarPerm extractEntry bin/testApp/www/lib/ionic/scss/_modal.scss
712 silly gunzTarPerm extractEntry bin/testApp/www/lib/ionic/scss/_platform.scss
713 silly gunzTarPerm extractEntry bin/testApp/www/lib/ionic/scss/_animations.scss
714 silly gunzTarPerm extractEntry bin/testApp/www/lib/ionic/scss/_popup.scss
715 silly gunzTarPerm extractEntry bin/testApp/www/lib/ionic/scss/_progress.scss
716 silly gunzTarPerm extractEntry bin/testApp/www/lib/ionic/scss/_radio.scss
717 silly gunzTarPerm extractEntry bin/testApp/www/lib/ionic/scss/_range.scss
718 silly gunzTarPerm extractEntry bin/testApp/www/lib/ionic/scss/_reset.scss
719 silly gunzTarPerm extractEntry bin/testApp/www/lib/ionic/scss/_scaffolding.scss
720 silly gunzTarPerm extractEntry bin/testApp/www/lib/ionic/scss/_select.scss
721 silly gunzTarPerm extractEntry bin/testApp/www/lib/ionic/scss/_slide-box.scss
722 silly gunzTarPerm extractEntry bin/testApp/www/lib/ionic/scss/_split-pane.scss
723 silly gunzTarPerm extractEntry bin/testApp/www/lib/ionic/scss/_tabs.scss
724 silly gunzTarPerm extractEntry bin/testApp/www/lib/ionic/scss/_toggle.scss
725 silly gunzTarPerm extractEntry bin/testApp/www/lib/ionic/scss/_type.scss
726 silly gunzTarPerm extractEntry bin/testApp/www/lib/ionic/scss/_util.scss
727 silly gunzTarPerm extractEntry bin/testApp/www/lib/ionic/scss/_variables.scss
728 silly gunzTarPerm extractEntry bin/testApp/www/lib/ionic/scss/ionic.scss
729 silly gunzTarPerm extractEntry bin/testApp/www/lib/ionic/scss/ionicons/_ionicons-animation.scss
730 silly gunzTarPerm extractEntry bin/testApp/www/lib/ionic/scss/ionicons/_ionicons-font.scss
731 silly gunzTarPerm extractEntry bin/testApp/www/lib/ionic/scss/ionicons/_ionicons-icons.scss
732 silly gunzTarPerm extractEntry bin/testApp/www/lib/ionic/scss/ionicons/_ionicons-variables.scss
733 silly gunzTarPerm extractEntry bin/testApp/www/lib/ionic/scss/ionicons/ionicons.scss
734 silly gunzTarPerm extractEntry bin/testApp/www/lib/ionic/version.json
735 silly gunzTarPerm extractEntry bin/testApp/www/templates/friend-detail.html
736 silly gunzTarPerm extractEntry bin/testApp/www/templates/tab-account.html
737 silly gunzTarPerm extractEntry bin/testApp/www/templates/tab-dash.html
738 silly gunzTarPerm extractEntry bin/testApp/www/templates/tab-friends.html
739 silly gunzTarPerm extractEntry bin/testApp/www/templates/tabs.html
740 silly gunzTarPerm extractEntry lib/ionic.js
741 silly gunzTarPerm extractEntry lib/hooks/after_prepare/010_add_platform_class.js
742 silly gunzTarPerm extractEntry lib/ionic/bower.js
743 silly gunzTarPerm extractEntry lib/ionic/lib.js
744 silly gunzTarPerm extractEntry lib/ionic/login.js
745 silly gunzTarPerm extractEntry lib/ionic/package.js
746 silly gunzTarPerm extractEntry lib/ionic/project.js
747 silly gunzTarPerm extractEntry lib/ionic/cordova.js
748 silly gunzTarPerm extractEntry lib/ionic/setup.js
749 silly gunzTarPerm extractEntry lib/ionic/start.js
750 silly gunzTarPerm extractEntry lib/ionic/stats.js
751 silly gunzTarPerm extractEntry lib/ionic/store.js
752 silly gunzTarPerm extractEntry lib/ionic/task.js
753 silly gunzTarPerm extractEntry lib/ionic/config.js
754 silly gunzTarPerm extractEntry lib/ionic/upload.js
755 silly gunzTarPerm extractEntry lib/ionic/serve.js
756 silly lockFile eed7159d-sers-gca-npm-ionic-1-2-2-package tar:///Users/gca/.npm/ionic/1.2.2/package
757 silly lockFile eed7159d-sers-gca-npm-ionic-1-2-2-package tar:///Users/gca/.npm/ionic/1.2.2/package
758 silly lockFile ffbafc3b--gca-npm-ionic-1-2-2-package-tgz tar:///Users/gca/.npm/ionic/1.2.2/package.tgz
759 silly lockFile ffbafc3b--gca-npm-ionic-1-2-2-package-tgz tar:///Users/gca/.npm/ionic/1.2.2/package.tgz
760 verbose chmod /Users/gca/.npm/ionic/1.2.2/package.tgz 644
761 verbose chown /Users/gca/.npm/ionic/1.2.2/package.tgz [ 501, 20 ]
762 silly lockFile eafc8072--npmjs-org-ionic-ionic-1-2-2-tgz https://registry.npmjs.org/ionic/-/ionic-1.2.2.tgz
763 silly lockFile eafc8072--npmjs-org-ionic-ionic-1-2-2-tgz https://registry.npmjs.org/ionic/-/ionic-1.2.2.tgz
764 silly lockFile 41e8f375-ionic-1-2-2 ionic@1.2.2
765 silly lockFile 41e8f375-ionic-1-2-2 ionic@1.2.2
766 silly resolved [ { name: 'ionic',
766 silly resolved     version: '1.2.2',
766 silly resolved     preferGlobal: true,
766 silly resolved     description: 'A tool for creating and developing Ionic Framework mobile apps.',
766 silly resolved     homepage: 'http://ionicframework.com/',
766 silly resolved     bin: { ionic: 'bin/ionic' },
766 silly resolved     keywords:
766 silly resolved      [ 'ionic',
766 silly resolved        'ionic framework',
766 silly resolved        'ionicframework',
766 silly resolved        'mobile',
766 silly resolved        'app',
766 silly resolved        'hybrid',
766 silly resolved        'cordova',
766 silly resolved        'phonegap' ],
766 silly resolved     repository:
766 silly resolved      { type: 'git',
766 silly resolved        url: 'https://github.com/driftyco/ionic-cli.git' },
766 silly resolved     contributors: [ [Object], [Object], [Object] ],
766 silly resolved     license: 'MIT',
766 silly resolved     dependencies:
766 silly resolved      { archiver: '0.5.1',
766 silly resolved        colors: '^0.6.2',
766 silly resolved        connect: '^2.14.5',
766 silly resolved        'serve-static': '^1.5.3',
766 silly resolved        finalhandler: '^0.1.0',
766 silly resolved        'connect-livereload': '^0.4.0',
766 silly resolved        'event-stream': '3.0.x',
766 silly resolved        'form-data': '~0.1.0',
766 silly resolved        ncp: '0.4.2',
766 silly resolved        npm: '^1.4.6',
766 silly resolved        open: '0.0.5',
766 silly resolved        optimist: '0.6.0',
766 silly resolved        prompt: '0.2.12',
766 silly resolved        progress: '1.1.7',
766 silly resolved        q: '^1.0.1',
766 silly resolved        request: '2.27.0',
766 silly resolved        shelljs: '0.2.6',
766 silly resolved        'tiny-lr-fork': '0.0.5',
766 silly resolved        unzip: '0.1.9',
766 silly resolved        'vinyl-fs': '^0.1.4',
766 silly resolved        xml2js: '^0.4.4' },
766 silly resolved     readme: 'Ionic-Cli\n=========\n\nThe Ionic Framework command line utility makes it easy to start, build, run, and emulate [Ionic](http://ionicframework.com/) apps. In the future, it will also have support for our mobile development services and tools that make Ionic even more powerful.\n\nUse the `ionic --help` command for more detailed task information.\n\n## Installing\n\n```bash\n$ npm install -g ionic\n```\n\n*Note: For a global install of `-g ionic`, OSX/Linux users may need to prefix the command with `sudo`.*\n\n\n## Starting an Ionic App\n\n```bash\n$ ionic start myapp [template]\n```\n\nStarter templates can either come from a named template, or from any Codepen URL.\n\nNamed template starters:\n\n* [tabs](https://github.com/driftyco/ionic-starter-tabs) (Default)\n* [sidemenu](https://github.com/driftyco/ionic-starter-sidemenu)\n* [blank](https://github.com/driftyco/ionic-starter-blank)\n\nCodepen URL starters:\n\n* Any Codepen url, ex: [http://codepen.io/ionic/pen/odqCz](http://codepen.io/ionic/pen/odqCz)\n* [Ionic Codepen Demos](http://codepen.io/ionic/public-list/)\n\nCommand-line flags/options:\n\n    --appname, -a  .......  Human readable name for the app\n                            (Use quotes around the name)\n    --id, -i  ............  Package name set in the <widget id> config\n                            ex: com.mycompany.myapp\n    --no-cordova, -w  ....  Do not create an app targeted for Cordova\n\n\n## Testing in a Browser\n\nUse `ionic serve` to start a local development server for app dev and testing. This is useful for both desktop browser testing, and to test within a device browser which is connected to the same network. Additionally, this command starts LiveReload which is used to monitor changes in the file system. As soon as you save a file the browser is refreshed automatically. View [Using Sass](https://github.com/driftyco/ionic-cli/blob/master/README.md#using-sass) if you would also like to have `ionic serve` watch the project\'s Sass files.\n\n```bash\n$ ionic serve [options]\n```\n\nCommand-line flags/options:\n\n    [--consolelogs|-c] ......  Print app console logs to Ionic CLI\n    [--serverlogs|-s] .......  Print dev server logs to Ionic CLI\n    [--port|-p] .............  Dev server HTTP port (8100 default)\n    [--livereload-port|-i] ..  Live Reload port (35729 default)\n    [--nobrowser|-b] ........  Disable launching a browser\n    [--nolivereload|-r] .....  Do not start live reload\n\n\n## Adding a platform target\n\n```bash\n$ ionic platform ios android\n```\n\n## Building your app\n\n```bash\n$ ionic build ios\n```\n\n## Live Reload App During Development (beta)\n\nThe `run` or `emulate` command will deploy the app to the specified platform devices/emulators. You can also run __live reload__ on the specified platform device by adding the `--livereload` option. The live reload functionality is similar to `ionic serve`, but instead of developing and debugging an app using a standard browser, the compiled hybrid app itself is watching for any changes to its files and reloading the app when needed. This reduces the requirement to constantly rebuild the app for small changes. However, any changes to plugins will still require a full rebuild. For live reload to work, the dev machine and device must be on the same local network, and the device must support [web sockets](http://caniuse.com/websockets).\n\nWith live reload enabled, an app\'s console logs can also be printed to the terminal/command prompt by including the `--consolelogs` or `-c` option. Additionally, the development server\'s request logs can be printed out using `--serverlogs` or `-s` options.\n\nCommand-line flags/options for `run` and `emulate`:\n\n    [--livereload|-l] .......  Live Reload app dev files from the device (beta)\n    [--consolelogs|-c] ......  Print app console logs to Ionic CLI (live reload req.)\n    [--serverlogs|-s] .......  Print dev server logs to Ionic CLI (live reload req.)\n    [--port|-p] .............  Dev server HTTP port (8100 default, live reload req.)\n    [--livereload-port|-i] ..  Live Reload port (35729 default, live reload req.)\n    [--debug|--release]\n\n\n## Emulating your app\n\nDeploys the Ionic app on specified platform emulator. This is simply an alias for `run --emulator`.\n\n```bash\n$ ionic emulate ios [options]\n```\n\n\n## Running your app\n\nDeploys the Ionic app on specified platform devices. If a device is not found it\'ll then deploy to an emulator/simulator.\n\n```bash\n$ ionic run ios [options]\n```\n\n\n## Update Ionic lib\n\nUpdate Ionic library files, which are found in the `www/lib/ionic` directory. If bower is being used\nby the project, this command will automatically run `bower update ionic`, otherwise this command updates\nthe local static files from Ionic\'s CDN.\n\n```bash\n$ ionic lib update\n```\n\n\n## Packaging an app (beta)\n\nUsing Ionic\'s service, you can compile and package your project into an app-store ready app without\nrequiring native SDKs on your machine.\n\n```bash\n$ ionic package debug android\n```\n\nThe third argument can be either `debug` or `release`, and the last argument can be either `android` or `ios`.\n\n\n## Cordova Commands\n\nIonic uses Cordova underneath, so you can also substitute Cordova commands to prepare/build/emulate/run, or to add additional plugins.\n\n*Note: we occasionally send anonymous usage statistics to the Ionic team to make the tool better.*\n\n\n## Using Sass\n\nBy default, starter projects are hooked up to Ionic\'s precompiled CSS file, which is found in the project\'s `www/lib/ionic/css` directory, and is linked to the app in the head of the root `index.html` file. However, Ionic projects can also be customized using [Sass](http://sass-lang.com/), which gives developers and designers "superpowers" in terms of creating and maintaining CSS. Below are two ways to setup Sass for your Ionic project (the `ionic setup sass` command simply does the manual steps for you). Once Sass has been setup for your Ionic project, then the `ionic serve` command will also watch for Sass changes.\n\n#### Setup Sass Automatically\n\n    ionic setup sass\n\n\n#### Setup Sass Manually\n\n1. Run `npm install` from the working directory of an Ionic project. This will install [gulp.js](http://gulpjs.com/) and a few handy tasks, such as [gulp-sass](https://www.npmjs.org/package/gulp-sass) and [gulp-minify-css](https://www.npmjs.org/package/gulp-minify-css).\n2. Remove `<link href="lib/ionic/css/ionic.css" rel="stylesheet">` from the `<head>` of the root `index.html` file.\n3. Remove `<link href="css/style.css" rel="stylesheet">` from the `<head>` of the root `index.html` file.\n4. Add `<link href="css/ionic.app.css" rel="stylesheet">` to the `<head>` of the root `index.html` file.\n5. In the `ionic.project` file, add the JavaScript property `sass: true` to the object.\n',
766 silly resolved     readmeFilename: 'README.md',
766 silly resolved     bugs: { url: 'https://github.com/driftyco/ionic-cli/issues' },
766 silly resolved     _id: 'ionic@1.2.2',
766 silly resolved     dist: { shasum: '38e884ff722ac317a8e487adba0d7a068933cd0b' },
766 silly resolved     _from: 'ionic@1.2.2',
766 silly resolved     _resolved: 'https://registry.npmjs.org/ionic/-/ionic-1.2.2.tgz' } ]
767 info install ionic@1.2.2 into /usr/local/lib
768 info installOne ionic@1.2.2
769 info /usr/local/lib/node_modules/ionic unbuild
770 info preuninstall ionic@1.2.0
771 info uninstall ionic@1.2.0
772 verbose true,/usr/local/lib/node_modules,/usr/local/lib/node_modules unbuild ionic@1.2.0
773 verbose /usr/local/bin,[object Object] binRoot
774 info postuninstall ionic@1.2.0
775 info /usr/local/lib/node_modules/ionic unbuild
776 info preuninstall ionic@1.2.0
777 info uninstall ionic@1.2.0
778 verbose true,/usr/local/lib/node_modules,/usr/local/lib/node_modules unbuild ionic@1.2.0
779 verbose /usr/local/bin,[object Object] binRoot
780 info postuninstall ionic@1.2.0
781 error error rolling back Error: EACCES, unlink '/usr/local/lib/node_modules/ionic'
781 error error rolling back  ionic@1.2.2 { [Error: EACCES, unlink '/usr/local/lib/node_modules/ionic']
781 error error rolling back   errno: 3,
781 error error rolling back   code: 'EACCES',
781 error error rolling back   path: '/usr/local/lib/node_modules/ionic' }
782 error Error: EACCES, unlink '/usr/local/lib/node_modules/ionic'
782 error  { [Error: EACCES, unlink '/usr/local/lib/node_modules/ionic']
782 error   errno: 3,
782 error   code: 'EACCES',
782 error   path: '/usr/local/lib/node_modules/ionic' }
783 error Please try running this command again as root/Administrator.
784 error System Darwin 12.5.0
785 error command "node" "/usr/local/bin/npm" "update" "-g" "ionic"
786 error cwd /Users/gca/Documents/workspace/InvisibleCamera
787 error node -v v0.10.24
788 error npm -v 1.3.21
789 error path /usr/local/lib/node_modules/ionic
790 error code EACCES
791 error errno 3
792 error stack Error: EACCES, unlink '/usr/local/lib/node_modules/ionic'
793 verbose exit [ 3, true ]
